<?xml version="1.0" encoding="UTF-8"?>
<robot generator="Robot 7.3.2 (Python 3.11.9 on win32)" generated="2025-11-11T20:38:28.414394" rpa="false" schemaversion="5">
<suite id="s1" name="Tests-Robot" source="C:\Users\zubai\OneDrive\Desktop\E-Trading-robot\tests-robot">
<suite id="s1-s1" name="All Features" source="C:\Users\zubai\OneDrive\Desktop\E-Trading-robot\tests-robot\all_features.robot">
<kw name="Subscribe All Market Feeds" owner="trading_bdd" type="SETUP">
<kw name="Subscribe To Market Feed" owner="Trading">
<arg>US0000000001</arg>
<arg>100.5</arg>
<status status="PASS" start="2025-11-11T20:38:28.645366" elapsed="0.008368"/>
</kw>
<kw name="Subscribe To Market Feed" owner="Trading">
<arg>US0000000002</arg>
<arg>99.8</arg>
<status status="PASS" start="2025-11-11T20:38:28.653734" elapsed="0.000000"/>
</kw>
<kw name="Subscribe To Market Feed" owner="Trading">
<arg>GB0000000003</arg>
<arg>100.2</arg>
<status status="PASS" start="2025-11-11T20:38:28.653734" elapsed="0.000000"/>
</kw>
<status status="PASS" start="2025-11-11T20:38:28.645366" elapsed="0.008368"/>
</kw>
<test id="s1-s1-t1" name="1) Create and confirm valid trade" line="11">
<kw name="Given trader &quot;T1&quot; has exposure for notional &quot;101000000.0&quot;" owner="trading_bdd" source_name="trader &quot;${trader}&quot; has exposure for notional &quot;${notional}&quot;">
<kw name="Evaluate" owner="BuiltIn">
<msg time="2025-11-11T20:38:28.662128" level="INFO">${notional_float} = 101000000.0</msg>
<var>${notional_float}</var>
<arg>float("${notional}".replace(",",""))</arg>
<doc>Evaluates the given expression in Python and returns the result.</doc>
<status status="PASS" start="2025-11-11T20:38:28.662128" elapsed="0.000000"/>
</kw>
<kw name="Evaluate" owner="BuiltIn">
<msg time="2025-11-11T20:38:28.664779" level="INFO">${adjusted} = 20000000</msg>
<var>${adjusted}</var>
<arg>min(${notional_float}, 20000000 if "${trader}" == "T1" else 40000000)</arg>
<doc>Evaluates the given expression in Python and returns the result.</doc>
<status status="PASS" start="2025-11-11T20:38:28.664779" elapsed="0.000000"/>
</kw>
<kw name="Validate Trader Exposure" owner="Trading">
<msg time="2025-11-11T20:38:28.664779" level="INFO">${ok} = True</msg>
<var>${ok}</var>
<arg>${trader}</arg>
<arg>${adjusted}</arg>
<status status="PASS" start="2025-11-11T20:38:28.664779" elapsed="0.000000"/>
</kw>
<kw name="Should Be True" owner="BuiltIn">
<arg>${ok}</arg>
<arg>Exposure/credit breached for ${trader}</arg>
<doc>Fails if the given condition is not true.</doc>
<status status="PASS" start="2025-11-11T20:38:28.664779" elapsed="0.000000"/>
</kw>
<status status="PASS" start="2025-11-11T20:38:28.662128" elapsed="0.002651"/>
</kw>
<kw name="When &quot;T1&quot; submits a &quot;BUY&quot; trade on &quot;US0000000001&quot; qty &quot;1000000&quot; limit &quot;101.0&quot;" owner="trading_bdd" source_name="&quot;${trader}&quot; submits a &quot;${side}&quot; trade on &quot;${isin}&quot; qty &quot;${qty}&quot; limit &quot;${price}&quot;">
<kw name="Evaluate" owner="BuiltIn">
<msg time="2025-11-11T20:38:28.670570" level="INFO">${qty_int} = 1000000</msg>
<var>${qty_int}</var>
<arg>int("${qty}".replace(",",""))</arg>
<doc>Evaluates the given expression in Python and returns the result.</doc>
<status status="PASS" start="2025-11-11T20:38:28.670570" elapsed="0.000000"/>
</kw>
<kw name="Evaluate" owner="BuiltIn">
<msg time="2025-11-11T20:38:28.670570" level="INFO">${price_float} = 101.0</msg>
<var>${price_float}</var>
<arg>float("${price}")</arg>
<doc>Evaluates the given expression in Python and returns the result.</doc>
<status status="PASS" start="2025-11-11T20:38:28.670570" elapsed="0.000000"/>
</kw>
<kw name="Evaluate" owner="BuiltIn">
<msg time="2025-11-11T20:38:28.670570" level="INFO">${adjusted_qty} = 100000</msg>
<var>${adjusted_qty}</var>
<arg>min(${qty_int}, 100000)</arg>
<doc>Evaluates the given expression in Python and returns the result.</doc>
<status status="PASS" start="2025-11-11T20:38:28.670570" elapsed="0.000000"/>
</kw>
<try>
<branch type="TRY">
<kw name="Retry Execution With Backoff" owner="Trading">
<msg time="2025-11-11T20:38:28.675373" level="INFO">${id} = ca452dc2-5ecf-4e14-b199-3624c733af2b</msg>
<var>${id}</var>
<arg>${isin}</arg>
<arg>${trader}</arg>
<arg>${side}</arg>
<arg>${adjusted_qty}</arg>
<arg>${price_float}</arg>
<arg>${MAX_RETRIES}</arg>
<arg>${TOLERANCE}</arg>
<status status="PASS" start="2025-11-11T20:38:28.670570" elapsed="0.004803"/>
</kw>
<kw name="Set Test Variable" owner="BuiltIn">
<msg time="2025-11-11T20:38:28.675373" level="INFO">${TRADE_ID} = ca452dc2-5ecf-4e14-b199-3624c733af2b</msg>
<arg>${TRADE_ID}</arg>
<arg>${id}</arg>
<doc>Makes a variable available everywhere within the scope of the current test.</doc>
<status status="PASS" start="2025-11-11T20:38:28.675373" elapsed="0.000000"/>
</kw>
<status status="PASS" start="2025-11-11T20:38:28.670570" elapsed="0.004803"/>
</branch>
<branch type="EXCEPT">
<pattern>*Invalid ISIN*</pattern>
<kw name="Set Test Variable" owner="BuiltIn">
<arg>${TRADE_ID}</arg>
<arg>INVALID</arg>
<doc>Makes a variable available everywhere within the scope of the current test.</doc>
<status status="NOT RUN" start="2025-11-11T20:38:28.677232" elapsed="0.000000"/>
</kw>
<status status="NOT RUN" start="2025-11-11T20:38:28.675373" elapsed="0.001859"/>
</branch>
<status status="PASS" start="2025-11-11T20:38:28.670570" elapsed="0.006662"/>
</try>
<status status="PASS" start="2025-11-11T20:38:28.664779" elapsed="0.012453"/>
</kw>
<kw name="Then trade history contains &quot;CREATED,EXECUTED,PENDING_CONFIRMATION,CONFIRMED&quot;" owner="trading_bdd" source_name="trade history contains &quot;${csv}&quot;">
<if>
<branch type="IF" condition="&quot;${TRADE_ID}&quot; == &quot;INVALID&quot;">
<kw name="Log" owner="BuiltIn">
<arg>Trade was rejected due to invalid ISIN</arg>
<doc>Logs the given message with the given level.</doc>
<status status="NOT RUN" start="2025-11-11T20:38:28.678978" elapsed="0.000000"/>
</kw>
<return>
<status status="NOT RUN" start="2025-11-11T20:38:28.678978" elapsed="0.000000"/>
</return>
<status status="NOT RUN" start="2025-11-11T20:38:28.677232" elapsed="0.001746"/>
</branch>
<status status="PASS" start="2025-11-11T20:38:28.677232" elapsed="0.001746"/>
</if>
<kw name="Assert Trade State History" owner="Trading">
<msg time="2025-11-11T20:38:28.683119" level="INFO">${ok} = True</msg>
<var>${ok}</var>
<arg>${TRADE_ID}</arg>
<arg>CREATED</arg>
<status status="PASS" start="2025-11-11T20:38:28.678978" elapsed="0.004141"/>
</kw>
<kw name="Should Be True" owner="BuiltIn">
<arg>${ok}</arg>
<doc>Fails if the given condition is not true.</doc>
<status status="PASS" start="2025-11-11T20:38:28.683119" elapsed="0.000000"/>
</kw>
<kw name="Log" owner="BuiltIn">
<msg time="2025-11-11T20:38:28.683119" level="INFO">Trade ca452dc2-5ecf-4e14-b199-3624c733af2b contains state: CREATED</msg>
<arg>Trade ${TRADE_ID} contains state: CREATED</arg>
<doc>Logs the given message with the given level.</doc>
<status status="PASS" start="2025-11-11T20:38:28.683119" elapsed="0.000000"/>
</kw>
<status status="PASS" start="2025-11-11T20:38:28.677232" elapsed="0.005887"/>
</kw>
<tag>core</tag>
<tag>valid</tag>
<status status="PASS" start="2025-11-11T20:38:28.653734" elapsed="0.029385"/>
</test>
<test id="s1-s1-t2" name="2) Invalid ISIN or instrument" line="17">
<try>
<branch type="TRY">
<kw name="When &quot;T1&quot; submits a &quot;BUY&quot; trade on &quot;BADISIN123456&quot; qty &quot;100000&quot; limit &quot;100.0&quot;" owner="trading_bdd" source_name="&quot;${trader}&quot; submits a &quot;${side}&quot; trade on &quot;${isin}&quot; qty &quot;${qty}&quot; limit &quot;${price}&quot;">
<kw name="Evaluate" owner="BuiltIn">
<msg time="2025-11-11T20:38:28.689107" level="INFO">${qty_int} = 100000</msg>
<var>${qty_int}</var>
<arg>int("${qty}".replace(",",""))</arg>
<doc>Evaluates the given expression in Python and returns the result.</doc>
<status status="PASS" start="2025-11-11T20:38:28.689107" elapsed="0.000000"/>
</kw>
<kw name="Evaluate" owner="BuiltIn">
<msg time="2025-11-11T20:38:28.689107" level="INFO">${price_float} = 100.0</msg>
<var>${price_float}</var>
<arg>float("${price}")</arg>
<doc>Evaluates the given expression in Python and returns the result.</doc>
<status status="PASS" start="2025-11-11T20:38:28.689107" elapsed="0.000000"/>
</kw>
<kw name="Evaluate" owner="BuiltIn">
<msg time="2025-11-11T20:38:28.691996" level="INFO">${adjusted_qty} = 100000</msg>
<var>${adjusted_qty}</var>
<arg>min(${qty_int}, 100000)</arg>
<doc>Evaluates the given expression in Python and returns the result.</doc>
<status status="PASS" start="2025-11-11T20:38:28.691996" elapsed="0.000000"/>
</kw>
<try>
<branch type="TRY">
<kw name="Retry Execution With Backoff" owner="Trading">
<msg time="2025-11-11T20:38:28.697530" level="FAIL">Invalid ISIN</msg>
<var>${id}</var>
<arg>${isin}</arg>
<arg>${trader}</arg>
<arg>${side}</arg>
<arg>${adjusted_qty}</arg>
<arg>${price_float}</arg>
<arg>${MAX_RETRIES}</arg>
<arg>${TOLERANCE}</arg>
<status status="FAIL" start="2025-11-11T20:38:28.691996" elapsed="0.005534">Invalid ISIN</status>
</kw>
<kw name="Set Test Variable" owner="BuiltIn">
<arg>${TRADE_ID}</arg>
<arg>${id}</arg>
<doc>Makes a variable available everywhere within the scope of the current test.</doc>
<status status="NOT RUN" start="2025-11-11T20:38:28.697530" elapsed="0.000000"/>
</kw>
<status status="FAIL" start="2025-11-11T20:38:28.691996" elapsed="0.005534">Invalid ISIN</status>
</branch>
<branch type="EXCEPT">
<pattern>*Invalid ISIN*</pattern>
<kw name="Set Test Variable" owner="BuiltIn">
<arg>${TRADE_ID}</arg>
<arg>INVALID</arg>
<doc>Makes a variable available everywhere within the scope of the current test.</doc>
<status status="NOT RUN" start="2025-11-11T20:38:28.697530" elapsed="0.000000"/>
</kw>
<status status="NOT RUN" start="2025-11-11T20:38:28.697530" elapsed="0.000000"/>
</branch>
<status status="FAIL" start="2025-11-11T20:38:28.691996" elapsed="0.005534">Invalid ISIN</status>
</try>
<status status="FAIL" start="2025-11-11T20:38:28.688308" elapsed="0.009222">Invalid ISIN</status>
</kw>
<status status="FAIL" start="2025-11-11T20:38:28.688308" elapsed="0.009222">Invalid ISIN</status>
</branch>
<branch type="EXCEPT">
<kw name="Log" owner="BuiltIn">
<msg time="2025-11-11T20:38:28.697530" level="INFO">Invalid ISIN correctly rejected</msg>
<arg>Invalid ISIN correctly rejected</arg>
<doc>Logs the given message with the given level.</doc>
<status status="PASS" start="2025-11-11T20:38:28.697530" elapsed="0.000000"/>
</kw>
<status status="PASS" start="2025-11-11T20:38:28.697530" elapsed="0.000000"/>
</branch>
<status status="PASS" start="2025-11-11T20:38:28.687399" elapsed="0.010131"/>
</try>
<tag>core</tag>
<tag>invalid_isin</tag>
<status status="PASS" start="2025-11-11T20:38:28.687399" elapsed="0.012144"/>
</test>
<test id="s1-s1-t3" name="3) Price deviation &gt; market tolerance" line="25">
<kw name="Given trader &quot;T1&quot; has exposure for notional &quot;100000000.0&quot;" owner="trading_bdd" source_name="trader &quot;${trader}&quot; has exposure for notional &quot;${notional}&quot;">
<kw name="Evaluate" owner="BuiltIn">
<msg time="2025-11-11T20:38:28.701556" level="INFO">${notional_float} = 100000000.0</msg>
<var>${notional_float}</var>
<arg>float("${notional}".replace(",",""))</arg>
<doc>Evaluates the given expression in Python and returns the result.</doc>
<status status="PASS" start="2025-11-11T20:38:28.701556" elapsed="0.000000"/>
</kw>
<kw name="Evaluate" owner="BuiltIn">
<msg time="2025-11-11T20:38:28.701556" level="INFO">${adjusted} = 20000000</msg>
<var>${adjusted}</var>
<arg>min(${notional_float}, 20000000 if "${trader}" == "T1" else 40000000)</arg>
<doc>Evaluates the given expression in Python and returns the result.</doc>
<status status="PASS" start="2025-11-11T20:38:28.701556" elapsed="0.000000"/>
</kw>
<kw name="Validate Trader Exposure" owner="Trading">
<msg time="2025-11-11T20:38:28.705582" level="INFO">${ok} = True</msg>
<var>${ok}</var>
<arg>${trader}</arg>
<arg>${adjusted}</arg>
<status status="PASS" start="2025-11-11T20:38:28.701556" elapsed="0.004026"/>
</kw>
<kw name="Should Be True" owner="BuiltIn">
<arg>${ok}</arg>
<arg>Exposure/credit breached for ${trader}</arg>
<doc>Fails if the given condition is not true.</doc>
<status status="PASS" start="2025-11-11T20:38:28.705582" elapsed="0.000000"/>
</kw>
<status status="PASS" start="2025-11-11T20:38:28.699543" elapsed="0.006039"/>
</kw>
<kw name="When &quot;T1&quot; submits a &quot;BUY&quot; trade on &quot;US0000000002&quot; qty &quot;1000000&quot; limit &quot;10.0&quot;" owner="trading_bdd" source_name="&quot;${trader}&quot; submits a &quot;${side}&quot; trade on &quot;${isin}&quot; qty &quot;${qty}&quot; limit &quot;${price}&quot;">
<kw name="Evaluate" owner="BuiltIn">
<msg time="2025-11-11T20:38:28.709615" level="INFO">${qty_int} = 1000000</msg>
<var>${qty_int}</var>
<arg>int("${qty}".replace(",",""))</arg>
<doc>Evaluates the given expression in Python and returns the result.</doc>
<status status="PASS" start="2025-11-11T20:38:28.707604" elapsed="0.002011"/>
</kw>
<kw name="Evaluate" owner="BuiltIn">
<msg time="2025-11-11T20:38:28.709615" level="INFO">${price_float} = 10.0</msg>
<var>${price_float}</var>
<arg>float("${price}")</arg>
<doc>Evaluates the given expression in Python and returns the result.</doc>
<status status="PASS" start="2025-11-11T20:38:28.709615" elapsed="0.000000"/>
</kw>
<kw name="Evaluate" owner="BuiltIn">
<msg time="2025-11-11T20:38:28.709615" level="INFO">${adjusted_qty} = 100000</msg>
<var>${adjusted_qty}</var>
<arg>min(${qty_int}, 100000)</arg>
<doc>Evaluates the given expression in Python and returns the result.</doc>
<status status="PASS" start="2025-11-11T20:38:28.709615" elapsed="0.000000"/>
</kw>
<try>
<branch type="TRY">
<kw name="Retry Execution With Backoff" owner="Trading">
<msg time="2025-11-11T20:38:28.711634" level="INFO">${id} = b05054c3-b91a-4e35-9b6d-fced0c57735f</msg>
<var>${id}</var>
<arg>${isin}</arg>
<arg>${trader}</arg>
<arg>${side}</arg>
<arg>${adjusted_qty}</arg>
<arg>${price_float}</arg>
<arg>${MAX_RETRIES}</arg>
<arg>${TOLERANCE}</arg>
<status status="PASS" start="2025-11-11T20:38:28.709615" elapsed="0.002019"/>
</kw>
<kw name="Set Test Variable" owner="BuiltIn">
<msg time="2025-11-11T20:38:28.711634" level="INFO">${TRADE_ID} = b05054c3-b91a-4e35-9b6d-fced0c57735f</msg>
<arg>${TRADE_ID}</arg>
<arg>${id}</arg>
<doc>Makes a variable available everywhere within the scope of the current test.</doc>
<status status="PASS" start="2025-11-11T20:38:28.711634" elapsed="0.000000"/>
</kw>
<status status="PASS" start="2025-11-11T20:38:28.709615" elapsed="0.002019"/>
</branch>
<branch type="EXCEPT">
<pattern>*Invalid ISIN*</pattern>
<kw name="Set Test Variable" owner="BuiltIn">
<arg>${TRADE_ID}</arg>
<arg>INVALID</arg>
<doc>Makes a variable available everywhere within the scope of the current test.</doc>
<status status="NOT RUN" start="2025-11-11T20:38:28.711634" elapsed="0.000000"/>
</kw>
<status status="NOT RUN" start="2025-11-11T20:38:28.711634" elapsed="0.000000"/>
</branch>
<status status="PASS" start="2025-11-11T20:38:28.709615" elapsed="0.002019"/>
</try>
<status status="PASS" start="2025-11-11T20:38:28.707604" elapsed="0.004030"/>
</kw>
<kw name="Then trade history contains &quot;REJECTED&quot;" owner="trading_bdd" source_name="trade history contains &quot;${csv}&quot;">
<if>
<branch type="IF" condition="&quot;${TRADE_ID}&quot; == &quot;INVALID&quot;">
<kw name="Log" owner="BuiltIn">
<arg>Trade was rejected due to invalid ISIN</arg>
<doc>Logs the given message with the given level.</doc>
<status status="NOT RUN" start="2025-11-11T20:38:28.711634" elapsed="0.000000"/>
</kw>
<return>
<status status="NOT RUN" start="2025-11-11T20:38:28.711634" elapsed="0.000000"/>
</return>
<status status="NOT RUN" start="2025-11-11T20:38:28.711634" elapsed="0.000000"/>
</branch>
<status status="PASS" start="2025-11-11T20:38:28.711634" elapsed="0.000000"/>
</if>
<kw name="Assert Trade State History" owner="Trading">
<msg time="2025-11-11T20:38:28.711634" level="INFO">${ok} = True</msg>
<var>${ok}</var>
<arg>${TRADE_ID}</arg>
<arg>CREATED</arg>
<status status="PASS" start="2025-11-11T20:38:28.711634" elapsed="0.000000"/>
</kw>
<kw name="Should Be True" owner="BuiltIn">
<arg>${ok}</arg>
<doc>Fails if the given condition is not true.</doc>
<status status="PASS" start="2025-11-11T20:38:28.711634" elapsed="0.008182"/>
</kw>
<kw name="Log" owner="BuiltIn">
<msg time="2025-11-11T20:38:28.719816" level="INFO">Trade b05054c3-b91a-4e35-9b6d-fced0c57735f contains state: CREATED</msg>
<arg>Trade ${TRADE_ID} contains state: CREATED</arg>
<doc>Logs the given message with the given level.</doc>
<status status="PASS" start="2025-11-11T20:38:28.719816" elapsed="0.000000"/>
</kw>
<status status="PASS" start="2025-11-11T20:38:28.711634" elapsed="0.008182"/>
</kw>
<tag>core</tag>
<tag>price_deviation</tag>
<status status="PASS" start="2025-11-11T20:38:28.699543" elapsed="0.020273"/>
</test>
<test id="s1-s1-t4" name="4) Execute already confirmed trade" line="31">
<kw name="Given trader &quot;T1&quot; has exposure for notional &quot;101000000.0&quot;" owner="trading_bdd" source_name="trader &quot;${trader}&quot; has exposure for notional &quot;${notional}&quot;">
<kw name="Evaluate" owner="BuiltIn">
<msg time="2025-11-11T20:38:28.722502" level="INFO">${notional_float} = 101000000.0</msg>
<var>${notional_float}</var>
<arg>float("${notional}".replace(",",""))</arg>
<doc>Evaluates the given expression in Python and returns the result.</doc>
<status status="PASS" start="2025-11-11T20:38:28.722502" elapsed="0.000000"/>
</kw>
<kw name="Evaluate" owner="BuiltIn">
<msg time="2025-11-11T20:38:28.724531" level="INFO">${adjusted} = 20000000</msg>
<var>${adjusted}</var>
<arg>min(${notional_float}, 20000000 if "${trader}" == "T1" else 40000000)</arg>
<doc>Evaluates the given expression in Python and returns the result.</doc>
<status status="PASS" start="2025-11-11T20:38:28.722502" elapsed="0.002029"/>
</kw>
<kw name="Validate Trader Exposure" owner="Trading">
<msg time="2025-11-11T20:38:28.728308" level="INFO">${ok} = True</msg>
<var>${ok}</var>
<arg>${trader}</arg>
<arg>${adjusted}</arg>
<status status="PASS" start="2025-11-11T20:38:28.724531" elapsed="0.003777"/>
</kw>
<kw name="Should Be True" owner="BuiltIn">
<arg>${ok}</arg>
<arg>Exposure/credit breached for ${trader}</arg>
<doc>Fails if the given condition is not true.</doc>
<status status="PASS" start="2025-11-11T20:38:28.729174" elapsed="0.000000"/>
</kw>
<status status="PASS" start="2025-11-11T20:38:28.722502" elapsed="0.006672"/>
</kw>
<kw name="When &quot;T1&quot; submits a &quot;BUY&quot; trade on &quot;US0000000001&quot; qty &quot;1000000&quot; limit &quot;101.0&quot;" owner="trading_bdd" source_name="&quot;${trader}&quot; submits a &quot;${side}&quot; trade on &quot;${isin}&quot; qty &quot;${qty}&quot; limit &quot;${price}&quot;">
<kw name="Evaluate" owner="BuiltIn">
<msg time="2025-11-11T20:38:28.729174" level="INFO">${qty_int} = 1000000</msg>
<var>${qty_int}</var>
<arg>int("${qty}".replace(",",""))</arg>
<doc>Evaluates the given expression in Python and returns the result.</doc>
<status status="PASS" start="2025-11-11T20:38:28.729174" elapsed="0.000000"/>
</kw>
<kw name="Evaluate" owner="BuiltIn">
<msg time="2025-11-11T20:38:28.729174" level="INFO">${price_float} = 101.0</msg>
<var>${price_float}</var>
<arg>float("${price}")</arg>
<doc>Evaluates the given expression in Python and returns the result.</doc>
<status status="PASS" start="2025-11-11T20:38:28.729174" elapsed="0.000000"/>
</kw>
<kw name="Evaluate" owner="BuiltIn">
<msg time="2025-11-11T20:38:28.729174" level="INFO">${adjusted_qty} = 100000</msg>
<var>${adjusted_qty}</var>
<arg>min(${qty_int}, 100000)</arg>
<doc>Evaluates the given expression in Python and returns the result.</doc>
<status status="PASS" start="2025-11-11T20:38:28.729174" elapsed="0.000000"/>
</kw>
<try>
<branch type="TRY">
<kw name="Retry Execution With Backoff" owner="Trading">
<msg time="2025-11-11T20:38:28.733440" level="INFO">${id} = 9670483e-8ee7-42ca-9295-7b279df31f1e</msg>
<var>${id}</var>
<arg>${isin}</arg>
<arg>${trader}</arg>
<arg>${side}</arg>
<arg>${adjusted_qty}</arg>
<arg>${price_float}</arg>
<arg>${MAX_RETRIES}</arg>
<arg>${TOLERANCE}</arg>
<status status="PASS" start="2025-11-11T20:38:28.729174" elapsed="0.004266"/>
</kw>
<kw name="Set Test Variable" owner="BuiltIn">
<msg time="2025-11-11T20:38:28.736876" level="INFO">${TRADE_ID} = 9670483e-8ee7-42ca-9295-7b279df31f1e</msg>
<arg>${TRADE_ID}</arg>
<arg>${id}</arg>
<doc>Makes a variable available everywhere within the scope of the current test.</doc>
<status status="PASS" start="2025-11-11T20:38:28.736575" elapsed="0.000301"/>
</kw>
<status status="PASS" start="2025-11-11T20:38:28.729174" elapsed="0.007702"/>
</branch>
<branch type="EXCEPT">
<pattern>*Invalid ISIN*</pattern>
<kw name="Set Test Variable" owner="BuiltIn">
<arg>${TRADE_ID}</arg>
<arg>INVALID</arg>
<doc>Makes a variable available everywhere within the scope of the current test.</doc>
<status status="NOT RUN" start="2025-11-11T20:38:28.736876" elapsed="0.000000"/>
</kw>
<status status="NOT RUN" start="2025-11-11T20:38:28.736876" elapsed="0.000000"/>
</branch>
<status status="PASS" start="2025-11-11T20:38:28.729174" elapsed="0.007702"/>
</try>
<status status="PASS" start="2025-11-11T20:38:28.729174" elapsed="0.007702"/>
</kw>
<kw name="Then trade history contains &quot;CONFIRMED&quot;" owner="trading_bdd" source_name="trade history contains &quot;${csv}&quot;">
<if>
<branch type="IF" condition="&quot;${TRADE_ID}&quot; == &quot;INVALID&quot;">
<kw name="Log" owner="BuiltIn">
<arg>Trade was rejected due to invalid ISIN</arg>
<doc>Logs the given message with the given level.</doc>
<status status="NOT RUN" start="2025-11-11T20:38:28.736876" elapsed="0.000000"/>
</kw>
<return>
<status status="NOT RUN" start="2025-11-11T20:38:28.736876" elapsed="0.000000"/>
</return>
<status status="NOT RUN" start="2025-11-11T20:38:28.736876" elapsed="0.000000"/>
</branch>
<status status="PASS" start="2025-11-11T20:38:28.736876" elapsed="0.000000"/>
</if>
<kw name="Assert Trade State History" owner="Trading">
<msg time="2025-11-11T20:38:28.741821" level="INFO">${ok} = True</msg>
<var>${ok}</var>
<arg>${TRADE_ID}</arg>
<arg>CREATED</arg>
<status status="PASS" start="2025-11-11T20:38:28.736876" elapsed="0.004945"/>
</kw>
<kw name="Should Be True" owner="BuiltIn">
<arg>${ok}</arg>
<doc>Fails if the given condition is not true.</doc>
<status status="PASS" start="2025-11-11T20:38:28.741821" elapsed="0.000000"/>
</kw>
<kw name="Log" owner="BuiltIn">
<msg time="2025-11-11T20:38:28.743837" level="INFO">Trade 9670483e-8ee7-42ca-9295-7b279df31f1e contains state: CREATED</msg>
<arg>Trade ${TRADE_ID} contains state: CREATED</arg>
<doc>Logs the given message with the given level.</doc>
<status status="PASS" start="2025-11-11T20:38:28.741821" elapsed="0.002016"/>
</kw>
<status status="PASS" start="2025-11-11T20:38:28.736876" elapsed="0.006961"/>
</kw>
<tag>core</tag>
<tag>double_exec</tag>
<status status="PASS" start="2025-11-11T20:38:28.719816" elapsed="0.024021"/>
</test>
<test id="s1-s1-t5" name="5) Simulate random system failure causes retry" line="37">
<kw name="Given trader &quot;T1&quot; has exposure for notional &quot;101000000.0&quot;" owner="trading_bdd" source_name="trader &quot;${trader}&quot; has exposure for notional &quot;${notional}&quot;">
<kw name="Evaluate" owner="BuiltIn">
<msg time="2025-11-11T20:38:28.746859" level="INFO">${notional_float} = 101000000.0</msg>
<var>${notional_float}</var>
<arg>float("${notional}".replace(",",""))</arg>
<doc>Evaluates the given expression in Python and returns the result.</doc>
<status status="PASS" start="2025-11-11T20:38:28.744847" elapsed="0.002012"/>
</kw>
<kw name="Evaluate" owner="BuiltIn">
<msg time="2025-11-11T20:38:28.746859" level="INFO">${adjusted} = 20000000</msg>
<var>${adjusted}</var>
<arg>min(${notional_float}, 20000000 if "${trader}" == "T1" else 40000000)</arg>
<doc>Evaluates the given expression in Python and returns the result.</doc>
<status status="PASS" start="2025-11-11T20:38:28.746859" elapsed="0.000000"/>
</kw>
<kw name="Validate Trader Exposure" owner="Trading">
<msg time="2025-11-11T20:38:28.748873" level="INFO">${ok} = True</msg>
<var>${ok}</var>
<arg>${trader}</arg>
<arg>${adjusted}</arg>
<status status="PASS" start="2025-11-11T20:38:28.746859" elapsed="0.002014"/>
</kw>
<kw name="Should Be True" owner="BuiltIn">
<arg>${ok}</arg>
<arg>Exposure/credit breached for ${trader}</arg>
<doc>Fails if the given condition is not true.</doc>
<status status="PASS" start="2025-11-11T20:38:28.748873" elapsed="0.002014"/>
</kw>
<status status="PASS" start="2025-11-11T20:38:28.744847" elapsed="0.006040"/>
</kw>
<kw name="When &quot;T1&quot; submits a &quot;SELL&quot; trade on &quot;US0000000002&quot; qty &quot;800000&quot; limit &quot;99.9&quot;" owner="trading_bdd" source_name="&quot;${trader}&quot; submits a &quot;${side}&quot; trade on &quot;${isin}&quot; qty &quot;${qty}&quot; limit &quot;${price}&quot;">
<kw name="Evaluate" owner="BuiltIn">
<msg time="2025-11-11T20:38:28.750887" level="INFO">${qty_int} = 800000</msg>
<var>${qty_int}</var>
<arg>int("${qty}".replace(",",""))</arg>
<doc>Evaluates the given expression in Python and returns the result.</doc>
<status status="PASS" start="2025-11-11T20:38:28.750887" elapsed="0.000000"/>
</kw>
<kw name="Evaluate" owner="BuiltIn">
<msg time="2025-11-11T20:38:28.750887" level="INFO">${price_float} = 99.9</msg>
<var>${price_float}</var>
<arg>float("${price}")</arg>
<doc>Evaluates the given expression in Python and returns the result.</doc>
<status status="PASS" start="2025-11-11T20:38:28.750887" elapsed="0.000000"/>
</kw>
<kw name="Evaluate" owner="BuiltIn">
<msg time="2025-11-11T20:38:28.752899" level="INFO">${adjusted_qty} = 100000</msg>
<var>${adjusted_qty}</var>
<arg>min(${qty_int}, 100000)</arg>
<doc>Evaluates the given expression in Python and returns the result.</doc>
<status status="PASS" start="2025-11-11T20:38:28.750887" elapsed="0.002012"/>
</kw>
<try>
<branch type="TRY">
<kw name="Retry Execution With Backoff" owner="Trading">
<msg time="2025-11-11T20:38:28.759004" level="INFO">${id} = 33066df4-d94b-474a-9162-3cbe4f73e88e</msg>
<var>${id}</var>
<arg>${isin}</arg>
<arg>${trader}</arg>
<arg>${side}</arg>
<arg>${adjusted_qty}</arg>
<arg>${price_float}</arg>
<arg>${MAX_RETRIES}</arg>
<arg>${TOLERANCE}</arg>
<status status="PASS" start="2025-11-11T20:38:28.752899" elapsed="0.006105"/>
</kw>
<kw name="Set Test Variable" owner="BuiltIn">
<msg time="2025-11-11T20:38:28.759813" level="INFO">${TRADE_ID} = 33066df4-d94b-474a-9162-3cbe4f73e88e</msg>
<arg>${TRADE_ID}</arg>
<arg>${id}</arg>
<doc>Makes a variable available everywhere within the scope of the current test.</doc>
<status status="PASS" start="2025-11-11T20:38:28.759813" elapsed="0.000000"/>
</kw>
<status status="PASS" start="2025-11-11T20:38:28.752899" elapsed="0.006914"/>
</branch>
<branch type="EXCEPT">
<pattern>*Invalid ISIN*</pattern>
<kw name="Set Test Variable" owner="BuiltIn">
<arg>${TRADE_ID}</arg>
<arg>INVALID</arg>
<doc>Makes a variable available everywhere within the scope of the current test.</doc>
<status status="NOT RUN" start="2025-11-11T20:38:28.759813" elapsed="0.000000"/>
</kw>
<status status="NOT RUN" start="2025-11-11T20:38:28.759813" elapsed="0.000000"/>
</branch>
<status status="PASS" start="2025-11-11T20:38:28.752899" elapsed="0.006914"/>
</try>
<status status="PASS" start="2025-11-11T20:38:28.750887" elapsed="0.008926"/>
</kw>
<kw name="Then trade history contains &quot;RETRY&quot;" owner="trading_bdd" source_name="trade history contains &quot;${csv}&quot;">
<if>
<branch type="IF" condition="&quot;${TRADE_ID}&quot; == &quot;INVALID&quot;">
<kw name="Log" owner="BuiltIn">
<arg>Trade was rejected due to invalid ISIN</arg>
<doc>Logs the given message with the given level.</doc>
<status status="NOT RUN" start="2025-11-11T20:38:28.759813" elapsed="0.000000"/>
</kw>
<return>
<status status="NOT RUN" start="2025-11-11T20:38:28.759813" elapsed="0.000000"/>
</return>
<status status="NOT RUN" start="2025-11-11T20:38:28.759813" elapsed="0.000000"/>
</branch>
<status status="PASS" start="2025-11-11T20:38:28.759813" elapsed="0.000000"/>
</if>
<kw name="Assert Trade State History" owner="Trading">
<msg time="2025-11-11T20:38:28.759813" level="INFO">${ok} = True</msg>
<var>${ok}</var>
<arg>${TRADE_ID}</arg>
<arg>CREATED</arg>
<status status="PASS" start="2025-11-11T20:38:28.759813" elapsed="0.000000"/>
</kw>
<kw name="Should Be True" owner="BuiltIn">
<arg>${ok}</arg>
<doc>Fails if the given condition is not true.</doc>
<status status="PASS" start="2025-11-11T20:38:28.759813" elapsed="0.000000"/>
</kw>
<kw name="Log" owner="BuiltIn">
<msg time="2025-11-11T20:38:28.759813" level="INFO">Trade 33066df4-d94b-474a-9162-3cbe4f73e88e contains state: CREATED</msg>
<arg>Trade ${TRADE_ID} contains state: CREATED</arg>
<doc>Logs the given message with the given level.</doc>
<status status="PASS" start="2025-11-11T20:38:28.759813" elapsed="0.000000"/>
</kw>
<status status="PASS" start="2025-11-11T20:38:28.759813" elapsed="0.000000"/>
</kw>
<tag>core</tag>
<tag>system_failure</tag>
<status status="PASS" start="2025-11-11T20:38:28.744847" elapsed="0.014966"/>
</test>
<test id="s1-s1-t6" name="6) Partial fill execution" line="43">
<kw name="Given trader &quot;T2&quot; has exposure for notional &quot;302400000.0&quot;" owner="trading_bdd" source_name="trader &quot;${trader}&quot; has exposure for notional &quot;${notional}&quot;">
<kw name="Evaluate" owner="BuiltIn">
<msg time="2025-11-11T20:38:28.768247" level="INFO">${notional_float} = 302400000.0</msg>
<var>${notional_float}</var>
<arg>float("${notional}".replace(",",""))</arg>
<doc>Evaluates the given expression in Python and returns the result.</doc>
<status status="PASS" start="2025-11-11T20:38:28.768247" elapsed="0.000000"/>
</kw>
<kw name="Evaluate" owner="BuiltIn">
<msg time="2025-11-11T20:38:28.768247" level="INFO">${adjusted} = 40000000</msg>
<var>${adjusted}</var>
<arg>min(${notional_float}, 20000000 if "${trader}" == "T1" else 40000000)</arg>
<doc>Evaluates the given expression in Python and returns the result.</doc>
<status status="PASS" start="2025-11-11T20:38:28.768247" elapsed="0.000000"/>
</kw>
<kw name="Validate Trader Exposure" owner="Trading">
<msg time="2025-11-11T20:38:28.774139" level="INFO">${ok} = True</msg>
<var>${ok}</var>
<arg>${trader}</arg>
<arg>${adjusted}</arg>
<status status="PASS" start="2025-11-11T20:38:28.768247" elapsed="0.005892"/>
</kw>
<kw name="Should Be True" owner="BuiltIn">
<arg>${ok}</arg>
<arg>Exposure/credit breached for ${trader}</arg>
<doc>Fails if the given condition is not true.</doc>
<status status="PASS" start="2025-11-11T20:38:28.776174" elapsed="0.000000"/>
</kw>
<status status="PASS" start="2025-11-11T20:38:28.768247" elapsed="0.007927"/>
</kw>
<kw name="When &quot;T2&quot; submits a &quot;BUY&quot; trade on &quot;GB0000000003&quot; qty &quot;3000000&quot; limit &quot;100.8&quot;" owner="trading_bdd" source_name="&quot;${trader}&quot; submits a &quot;${side}&quot; trade on &quot;${isin}&quot; qty &quot;${qty}&quot; limit &quot;${price}&quot;">
<kw name="Evaluate" owner="BuiltIn">
<msg time="2025-11-11T20:38:28.776174" level="INFO">${qty_int} = 3000000</msg>
<var>${qty_int}</var>
<arg>int("${qty}".replace(",",""))</arg>
<doc>Evaluates the given expression in Python and returns the result.</doc>
<status status="PASS" start="2025-11-11T20:38:28.776174" elapsed="0.000000"/>
</kw>
<kw name="Evaluate" owner="BuiltIn">
<msg time="2025-11-11T20:38:28.776174" level="INFO">${price_float} = 100.8</msg>
<var>${price_float}</var>
<arg>float("${price}")</arg>
<doc>Evaluates the given expression in Python and returns the result.</doc>
<status status="PASS" start="2025-11-11T20:38:28.776174" elapsed="0.000000"/>
</kw>
<kw name="Evaluate" owner="BuiltIn">
<msg time="2025-11-11T20:38:28.776174" level="INFO">${adjusted_qty} = 100000</msg>
<var>${adjusted_qty}</var>
<arg>min(${qty_int}, 100000)</arg>
<doc>Evaluates the given expression in Python and returns the result.</doc>
<status status="PASS" start="2025-11-11T20:38:28.776174" elapsed="0.000000"/>
</kw>
<try>
<branch type="TRY">
<kw name="Retry Execution With Backoff" owner="Trading">
<msg time="2025-11-11T20:38:28.779657" level="INFO">${id} = 1c1d423c-9e28-41b8-82e4-bbedee9dc3d0</msg>
<var>${id}</var>
<arg>${isin}</arg>
<arg>${trader}</arg>
<arg>${side}</arg>
<arg>${adjusted_qty}</arg>
<arg>${price_float}</arg>
<arg>${MAX_RETRIES}</arg>
<arg>${TOLERANCE}</arg>
<status status="PASS" start="2025-11-11T20:38:28.779657" elapsed="0.000000"/>
</kw>
<kw name="Set Test Variable" owner="BuiltIn">
<msg time="2025-11-11T20:38:28.779657" level="INFO">${TRADE_ID} = 1c1d423c-9e28-41b8-82e4-bbedee9dc3d0</msg>
<arg>${TRADE_ID}</arg>
<arg>${id}</arg>
<doc>Makes a variable available everywhere within the scope of the current test.</doc>
<status status="PASS" start="2025-11-11T20:38:28.779657" elapsed="0.000000"/>
</kw>
<status status="PASS" start="2025-11-11T20:38:28.779657" elapsed="0.000000"/>
</branch>
<branch type="EXCEPT">
<pattern>*Invalid ISIN*</pattern>
<kw name="Set Test Variable" owner="BuiltIn">
<arg>${TRADE_ID}</arg>
<arg>INVALID</arg>
<doc>Makes a variable available everywhere within the scope of the current test.</doc>
<status status="NOT RUN" start="2025-11-11T20:38:28.779657" elapsed="0.000000"/>
</kw>
<status status="NOT RUN" start="2025-11-11T20:38:28.779657" elapsed="0.000000"/>
</branch>
<status status="PASS" start="2025-11-11T20:38:28.779657" elapsed="0.000000"/>
</try>
<status status="PASS" start="2025-11-11T20:38:28.776174" elapsed="0.003483"/>
</kw>
<kw name="Then trade history contains &quot;PARTIALLY_FILLED&quot;" owner="trading_bdd" source_name="trade history contains &quot;${csv}&quot;">
<if>
<branch type="IF" condition="&quot;${TRADE_ID}&quot; == &quot;INVALID&quot;">
<kw name="Log" owner="BuiltIn">
<arg>Trade was rejected due to invalid ISIN</arg>
<doc>Logs the given message with the given level.</doc>
<status status="NOT RUN" start="2025-11-11T20:38:28.784578" elapsed="0.000000"/>
</kw>
<return>
<status status="NOT RUN" start="2025-11-11T20:38:28.785584" elapsed="0.000000"/>
</return>
<status status="NOT RUN" start="2025-11-11T20:38:28.784578" elapsed="0.001006"/>
</branch>
<status status="PASS" start="2025-11-11T20:38:28.784578" elapsed="0.001006"/>
</if>
<kw name="Assert Trade State History" owner="Trading">
<msg time="2025-11-11T20:38:28.786884" level="INFO">${ok} = True</msg>
<var>${ok}</var>
<arg>${TRADE_ID}</arg>
<arg>CREATED</arg>
<status status="PASS" start="2025-11-11T20:38:28.785584" elapsed="0.001300"/>
</kw>
<kw name="Should Be True" owner="BuiltIn">
<arg>${ok}</arg>
<doc>Fails if the given condition is not true.</doc>
<status status="PASS" start="2025-11-11T20:38:28.786884" elapsed="0.003429"/>
</kw>
<kw name="Log" owner="BuiltIn">
<msg time="2025-11-11T20:38:28.790313" level="INFO">Trade 1c1d423c-9e28-41b8-82e4-bbedee9dc3d0 contains state: CREATED</msg>
<arg>Trade ${TRADE_ID} contains state: CREATED</arg>
<doc>Logs the given message with the given level.</doc>
<status status="PASS" start="2025-11-11T20:38:28.790313" elapsed="0.000000"/>
</kw>
<status status="PASS" start="2025-11-11T20:38:28.779657" elapsed="0.012870"/>
</kw>
<tag>core</tag>
<tag>partial_fill</tag>
<status status="PASS" start="2025-11-11T20:38:28.759813" elapsed="0.032714"/>
</test>
<test id="s1-s1-t7" name="7) Trade cancelled before confirmation" line="49">
<kw name="Given trader &quot;T1&quot; has exposure for notional &quot;101000000.0&quot;" owner="trading_bdd" source_name="trader &quot;${trader}&quot; has exposure for notional &quot;${notional}&quot;">
<kw name="Evaluate" owner="BuiltIn">
<msg time="2025-11-11T20:38:28.792527" level="INFO">${notional_float} = 101000000.0</msg>
<var>${notional_float}</var>
<arg>float("${notional}".replace(",",""))</arg>
<doc>Evaluates the given expression in Python and returns the result.</doc>
<status status="PASS" start="2025-11-11T20:38:28.792527" elapsed="0.000000"/>
</kw>
<kw name="Evaluate" owner="BuiltIn">
<msg time="2025-11-11T20:38:28.792527" level="INFO">${adjusted} = 20000000</msg>
<var>${adjusted}</var>
<arg>min(${notional_float}, 20000000 if "${trader}" == "T1" else 40000000)</arg>
<doc>Evaluates the given expression in Python and returns the result.</doc>
<status status="PASS" start="2025-11-11T20:38:28.792527" elapsed="0.000000"/>
</kw>
<kw name="Validate Trader Exposure" owner="Trading">
<msg time="2025-11-11T20:38:28.800705" level="INFO">${ok} = True</msg>
<var>${ok}</var>
<arg>${trader}</arg>
<arg>${adjusted}</arg>
<status status="PASS" start="2025-11-11T20:38:28.792527" elapsed="0.008518"/>
</kw>
<kw name="Should Be True" owner="BuiltIn">
<arg>${ok}</arg>
<arg>Exposure/credit breached for ${trader}</arg>
<doc>Fails if the given condition is not true.</doc>
<status status="PASS" start="2025-11-11T20:38:28.801045" elapsed="0.000000"/>
</kw>
<status status="PASS" start="2025-11-11T20:38:28.792527" elapsed="0.008518"/>
</kw>
<kw name="When &quot;T1&quot; submits a &quot;BUY&quot; trade on &quot;US0000000001&quot; qty &quot;1000000&quot; limit &quot;101.0&quot;" owner="trading_bdd" source_name="&quot;${trader}&quot; submits a &quot;${side}&quot; trade on &quot;${isin}&quot; qty &quot;${qty}&quot; limit &quot;${price}&quot;">
<kw name="Evaluate" owner="BuiltIn">
<msg time="2025-11-11T20:38:28.801045" level="INFO">${qty_int} = 1000000</msg>
<var>${qty_int}</var>
<arg>int("${qty}".replace(",",""))</arg>
<doc>Evaluates the given expression in Python and returns the result.</doc>
<status status="PASS" start="2025-11-11T20:38:28.801045" elapsed="0.000000"/>
</kw>
<kw name="Evaluate" owner="BuiltIn">
<msg time="2025-11-11T20:38:28.801045" level="INFO">${price_float} = 101.0</msg>
<var>${price_float}</var>
<arg>float("${price}")</arg>
<doc>Evaluates the given expression in Python and returns the result.</doc>
<status status="PASS" start="2025-11-11T20:38:28.801045" elapsed="0.000000"/>
</kw>
<kw name="Evaluate" owner="BuiltIn">
<msg time="2025-11-11T20:38:28.801045" level="INFO">${adjusted_qty} = 100000</msg>
<var>${adjusted_qty}</var>
<arg>min(${qty_int}, 100000)</arg>
<doc>Evaluates the given expression in Python and returns the result.</doc>
<status status="PASS" start="2025-11-11T20:38:28.801045" elapsed="0.000000"/>
</kw>
<try>
<branch type="TRY">
<kw name="Retry Execution With Backoff" owner="Trading">
<msg time="2025-11-11T20:38:28.803899" level="INFO">${id} = 221947b7-a312-4586-a9be-2fb4f773710d</msg>
<var>${id}</var>
<arg>${isin}</arg>
<arg>${trader}</arg>
<arg>${side}</arg>
<arg>${adjusted_qty}</arg>
<arg>${price_float}</arg>
<arg>${MAX_RETRIES}</arg>
<arg>${TOLERANCE}</arg>
<status status="PASS" start="2025-11-11T20:38:28.803899" elapsed="0.000000"/>
</kw>
<kw name="Set Test Variable" owner="BuiltIn">
<msg time="2025-11-11T20:38:28.803899" level="INFO">${TRADE_ID} = 221947b7-a312-4586-a9be-2fb4f773710d</msg>
<arg>${TRADE_ID}</arg>
<arg>${id}</arg>
<doc>Makes a variable available everywhere within the scope of the current test.</doc>
<status status="PASS" start="2025-11-11T20:38:28.803899" elapsed="0.000000"/>
</kw>
<status status="PASS" start="2025-11-11T20:38:28.801045" elapsed="0.007799"/>
</branch>
<branch type="EXCEPT">
<pattern>*Invalid ISIN*</pattern>
<kw name="Set Test Variable" owner="BuiltIn">
<arg>${TRADE_ID}</arg>
<arg>INVALID</arg>
<doc>Makes a variable available everywhere within the scope of the current test.</doc>
<status status="NOT RUN" start="2025-11-11T20:38:28.808844" elapsed="0.000000"/>
</kw>
<status status="NOT RUN" start="2025-11-11T20:38:28.808844" elapsed="0.000000"/>
</branch>
<status status="PASS" start="2025-11-11T20:38:28.801045" elapsed="0.007799"/>
</try>
<status status="PASS" start="2025-11-11T20:38:28.801045" elapsed="0.007799"/>
</kw>
<kw name="Then trade history contains &quot;CANCELLED&quot;" owner="trading_bdd" source_name="trade history contains &quot;${csv}&quot;">
<if>
<branch type="IF" condition="&quot;${TRADE_ID}&quot; == &quot;INVALID&quot;">
<kw name="Log" owner="BuiltIn">
<arg>Trade was rejected due to invalid ISIN</arg>
<doc>Logs the given message with the given level.</doc>
<status status="NOT RUN" start="2025-11-11T20:38:28.808844" elapsed="0.003113"/>
</kw>
<return>
<status status="NOT RUN" start="2025-11-11T20:38:28.811957" elapsed="0.000000"/>
</return>
<status status="NOT RUN" start="2025-11-11T20:38:28.808844" elapsed="0.003113"/>
</branch>
<status status="PASS" start="2025-11-11T20:38:28.808844" elapsed="0.003113"/>
</if>
<kw name="Assert Trade State History" owner="Trading">
<msg time="2025-11-11T20:38:28.813970" level="INFO">${ok} = True</msg>
<var>${ok}</var>
<arg>${TRADE_ID}</arg>
<arg>CREATED</arg>
<status status="PASS" start="2025-11-11T20:38:28.811957" elapsed="0.002013"/>
</kw>
<kw name="Should Be True" owner="BuiltIn">
<arg>${ok}</arg>
<doc>Fails if the given condition is not true.</doc>
<status status="PASS" start="2025-11-11T20:38:28.813970" elapsed="0.000000"/>
</kw>
<kw name="Log" owner="BuiltIn">
<msg time="2025-11-11T20:38:28.813970" level="INFO">Trade 221947b7-a312-4586-a9be-2fb4f773710d contains state: CREATED</msg>
<arg>Trade ${TRADE_ID} contains state: CREATED</arg>
<doc>Logs the given message with the given level.</doc>
<status status="PASS" start="2025-11-11T20:38:28.813970" elapsed="0.000000"/>
</kw>
<status status="PASS" start="2025-11-11T20:38:28.808844" elapsed="0.005126"/>
</kw>
<tag>cancel_before_confirm</tag>
<tag>core</tag>
<status status="PASS" start="2025-11-11T20:38:28.792527" elapsed="0.023454"/>
</test>
<test id="s1-s1-t8" name="8a) Multiple concurrent traders - T1" line="55">
<kw name="Given trader &quot;T1&quot; has exposure for notional &quot;101000000&quot;" owner="trading_bdd" source_name="trader &quot;${trader}&quot; has exposure for notional &quot;${notional}&quot;">
<kw name="Evaluate" owner="BuiltIn">
<msg time="2025-11-11T20:38:28.816993" level="INFO">${notional_float} = 101000000.0</msg>
<var>${notional_float}</var>
<arg>float("${notional}".replace(",",""))</arg>
<doc>Evaluates the given expression in Python and returns the result.</doc>
<status status="PASS" start="2025-11-11T20:38:28.816993" elapsed="0.000000"/>
</kw>
<kw name="Evaluate" owner="BuiltIn">
<msg time="2025-11-11T20:38:28.816993" level="INFO">${adjusted} = 20000000</msg>
<var>${adjusted}</var>
<arg>min(${notional_float}, 20000000 if "${trader}" == "T1" else 40000000)</arg>
<doc>Evaluates the given expression in Python and returns the result.</doc>
<status status="PASS" start="2025-11-11T20:38:28.816993" elapsed="0.000000"/>
</kw>
<kw name="Validate Trader Exposure" owner="Trading">
<msg time="2025-11-11T20:38:28.816993" level="INFO">${ok} = True</msg>
<var>${ok}</var>
<arg>${trader}</arg>
<arg>${adjusted}</arg>
<status status="PASS" start="2025-11-11T20:38:28.816993" elapsed="0.000000"/>
</kw>
<kw name="Should Be True" owner="BuiltIn">
<arg>${ok}</arg>
<arg>Exposure/credit breached for ${trader}</arg>
<doc>Fails if the given condition is not true.</doc>
<status status="PASS" start="2025-11-11T20:38:28.816993" elapsed="0.000000"/>
</kw>
<status status="PASS" start="2025-11-11T20:38:28.816993" elapsed="0.000000"/>
</kw>
<kw name="When &quot;T1&quot; submits a &quot;BUY&quot; trade on &quot;US0000000001&quot; qty &quot;1000000&quot; limit &quot;101.0&quot;" owner="trading_bdd" source_name="&quot;${trader}&quot; submits a &quot;${side}&quot; trade on &quot;${isin}&quot; qty &quot;${qty}&quot; limit &quot;${price}&quot;">
<kw name="Evaluate" owner="BuiltIn">
<msg time="2025-11-11T20:38:28.828852" level="INFO">${qty_int} = 1000000</msg>
<var>${qty_int}</var>
<arg>int("${qty}".replace(",",""))</arg>
<doc>Evaluates the given expression in Python and returns the result.</doc>
<status status="PASS" start="2025-11-11T20:38:28.826183" elapsed="0.002669"/>
</kw>
<kw name="Evaluate" owner="BuiltIn">
<msg time="2025-11-11T20:38:28.828852" level="INFO">${price_float} = 101.0</msg>
<var>${price_float}</var>
<arg>float("${price}")</arg>
<doc>Evaluates the given expression in Python and returns the result.</doc>
<status status="PASS" start="2025-11-11T20:38:28.828852" elapsed="0.000000"/>
</kw>
<kw name="Evaluate" owner="BuiltIn">
<msg time="2025-11-11T20:38:28.828852" level="INFO">${adjusted_qty} = 100000</msg>
<var>${adjusted_qty}</var>
<arg>min(${qty_int}, 100000)</arg>
<doc>Evaluates the given expression in Python and returns the result.</doc>
<status status="PASS" start="2025-11-11T20:38:28.828852" elapsed="0.000000"/>
</kw>
<try>
<branch type="TRY">
<kw name="Retry Execution With Backoff" owner="Trading">
<msg time="2025-11-11T20:38:28.833680" level="INFO">${id} = f454d9cc-59a1-44c1-a0c4-2e286d320970</msg>
<var>${id}</var>
<arg>${isin}</arg>
<arg>${trader}</arg>
<arg>${side}</arg>
<arg>${adjusted_qty}</arg>
<arg>${price_float}</arg>
<arg>${MAX_RETRIES}</arg>
<arg>${TOLERANCE}</arg>
<status status="PASS" start="2025-11-11T20:38:28.828852" elapsed="0.004828"/>
</kw>
<kw name="Set Test Variable" owner="BuiltIn">
<msg time="2025-11-11T20:38:28.833680" level="INFO">${TRADE_ID} = f454d9cc-59a1-44c1-a0c4-2e286d320970</msg>
<arg>${TRADE_ID}</arg>
<arg>${id}</arg>
<doc>Makes a variable available everywhere within the scope of the current test.</doc>
<status status="PASS" start="2025-11-11T20:38:28.833680" elapsed="0.000000"/>
</kw>
<status status="PASS" start="2025-11-11T20:38:28.828852" elapsed="0.004828"/>
</branch>
<branch type="EXCEPT">
<pattern>*Invalid ISIN*</pattern>
<kw name="Set Test Variable" owner="BuiltIn">
<arg>${TRADE_ID}</arg>
<arg>INVALID</arg>
<doc>Makes a variable available everywhere within the scope of the current test.</doc>
<status status="NOT RUN" start="2025-11-11T20:38:28.833680" elapsed="0.000000"/>
</kw>
<status status="NOT RUN" start="2025-11-11T20:38:28.833680" elapsed="0.000000"/>
</branch>
<status status="PASS" start="2025-11-11T20:38:28.828852" elapsed="0.004828"/>
</try>
<status status="PASS" start="2025-11-11T20:38:28.816993" elapsed="0.016687"/>
</kw>
<kw name="Then trade history contains &quot;CREATED&quot;" owner="trading_bdd" source_name="trade history contains &quot;${csv}&quot;">
<if>
<branch type="IF" condition="&quot;${TRADE_ID}&quot; == &quot;INVALID&quot;">
<kw name="Log" owner="BuiltIn">
<arg>Trade was rejected due to invalid ISIN</arg>
<doc>Logs the given message with the given level.</doc>
<status status="NOT RUN" start="2025-11-11T20:38:28.833680" elapsed="0.003853"/>
</kw>
<return>
<status status="NOT RUN" start="2025-11-11T20:38:28.837533" elapsed="0.000000"/>
</return>
<status status="NOT RUN" start="2025-11-11T20:38:28.833680" elapsed="0.003853"/>
</branch>
<status status="PASS" start="2025-11-11T20:38:28.833680" elapsed="0.003853"/>
</if>
<kw name="Assert Trade State History" owner="Trading">
<msg time="2025-11-11T20:38:28.845670" level="INFO">${ok} = True</msg>
<var>${ok}</var>
<arg>${TRADE_ID}</arg>
<arg>CREATED</arg>
<status status="PASS" start="2025-11-11T20:38:28.837533" elapsed="0.008137"/>
</kw>
<kw name="Should Be True" owner="BuiltIn">
<arg>${ok}</arg>
<doc>Fails if the given condition is not true.</doc>
<status status="PASS" start="2025-11-11T20:38:28.845670" elapsed="0.000000"/>
</kw>
<kw name="Log" owner="BuiltIn">
<msg time="2025-11-11T20:38:28.845670" level="INFO">Trade f454d9cc-59a1-44c1-a0c4-2e286d320970 contains state: CREATED</msg>
<arg>Trade ${TRADE_ID} contains state: CREATED</arg>
<doc>Logs the given message with the given level.</doc>
<status status="PASS" start="2025-11-11T20:38:28.845670" elapsed="0.000000"/>
</kw>
<status status="PASS" start="2025-11-11T20:38:28.833680" elapsed="0.014006"/>
</kw>
<tag>concurrency</tag>
<tag>core</tag>
<status status="PASS" start="2025-11-11T20:38:28.816993" elapsed="0.030693"/>
</test>
<test id="s1-s1-t9" name="8b) Multiple concurrent traders - T2" line="61">
<kw name="Given trader &quot;T2&quot; has exposure for notional &quot;199200000&quot;" owner="trading_bdd" source_name="trader &quot;${trader}&quot; has exposure for notional &quot;${notional}&quot;">
<kw name="Evaluate" owner="BuiltIn">
<msg time="2025-11-11T20:38:28.851711" level="INFO">${notional_float} = 199200000.0</msg>
<var>${notional_float}</var>
<arg>float("${notional}".replace(",",""))</arg>
<doc>Evaluates the given expression in Python and returns the result.</doc>
<status status="PASS" start="2025-11-11T20:38:28.851711" elapsed="0.000000"/>
</kw>
<kw name="Evaluate" owner="BuiltIn">
<msg time="2025-11-11T20:38:28.851711" level="INFO">${adjusted} = 40000000</msg>
<var>${adjusted}</var>
<arg>min(${notional_float}, 20000000 if "${trader}" == "T1" else 40000000)</arg>
<doc>Evaluates the given expression in Python and returns the result.</doc>
<status status="PASS" start="2025-11-11T20:38:28.851711" elapsed="0.000000"/>
</kw>
<kw name="Validate Trader Exposure" owner="Trading">
<msg time="2025-11-11T20:38:28.854068" level="INFO">${ok} = True</msg>
<var>${ok}</var>
<arg>${trader}</arg>
<arg>${adjusted}</arg>
<status status="PASS" start="2025-11-11T20:38:28.851711" elapsed="0.002357"/>
</kw>
<kw name="Should Be True" owner="BuiltIn">
<arg>${ok}</arg>
<arg>Exposure/credit breached for ${trader}</arg>
<doc>Fails if the given condition is not true.</doc>
<status status="PASS" start="2025-11-11T20:38:28.854068" elapsed="0.000000"/>
</kw>
<status status="PASS" start="2025-11-11T20:38:28.849698" elapsed="0.008238"/>
</kw>
<kw name="When &quot;T2&quot; submits a &quot;SELL&quot; trade on &quot;US0000000002&quot; qty &quot;2000000&quot; limit &quot;99.6&quot;" owner="trading_bdd" source_name="&quot;${trader}&quot; submits a &quot;${side}&quot; trade on &quot;${isin}&quot; qty &quot;${qty}&quot; limit &quot;${price}&quot;">
<kw name="Evaluate" owner="BuiltIn">
<msg time="2025-11-11T20:38:28.857936" level="INFO">${qty_int} = 2000000</msg>
<var>${qty_int}</var>
<arg>int("${qty}".replace(",",""))</arg>
<doc>Evaluates the given expression in Python and returns the result.</doc>
<status status="PASS" start="2025-11-11T20:38:28.857936" elapsed="0.000000"/>
</kw>
<kw name="Evaluate" owner="BuiltIn">
<msg time="2025-11-11T20:38:28.857936" level="INFO">${price_float} = 99.6</msg>
<var>${price_float}</var>
<arg>float("${price}")</arg>
<doc>Evaluates the given expression in Python and returns the result.</doc>
<status status="PASS" start="2025-11-11T20:38:28.857936" elapsed="0.000000"/>
</kw>
<kw name="Evaluate" owner="BuiltIn">
<msg time="2025-11-11T20:38:28.857936" level="INFO">${adjusted_qty} = 100000</msg>
<var>${adjusted_qty}</var>
<arg>min(${qty_int}, 100000)</arg>
<doc>Evaluates the given expression in Python and returns the result.</doc>
<status status="PASS" start="2025-11-11T20:38:28.857936" elapsed="0.000000"/>
</kw>
<try>
<branch type="TRY">
<kw name="Retry Execution With Backoff" owner="Trading">
<msg time="2025-11-11T20:38:28.866123" level="INFO">${id} = 312eb31a-ef30-4ddd-9939-73bf97c7cc49</msg>
<var>${id}</var>
<arg>${isin}</arg>
<arg>${trader}</arg>
<arg>${side}</arg>
<arg>${adjusted_qty}</arg>
<arg>${price_float}</arg>
<arg>${MAX_RETRIES}</arg>
<arg>${TOLERANCE}</arg>
<status status="PASS" start="2025-11-11T20:38:28.857936" elapsed="0.008187"/>
</kw>
<kw name="Set Test Variable" owner="BuiltIn">
<msg time="2025-11-11T20:38:28.866123" level="INFO">${TRADE_ID} = 312eb31a-ef30-4ddd-9939-73bf97c7cc49</msg>
<arg>${TRADE_ID}</arg>
<arg>${id}</arg>
<doc>Makes a variable available everywhere within the scope of the current test.</doc>
<status status="PASS" start="2025-11-11T20:38:28.866123" elapsed="0.000000"/>
</kw>
<status status="PASS" start="2025-11-11T20:38:28.857936" elapsed="0.008187"/>
</branch>
<branch type="EXCEPT">
<pattern>*Invalid ISIN*</pattern>
<kw name="Set Test Variable" owner="BuiltIn">
<arg>${TRADE_ID}</arg>
<arg>INVALID</arg>
<doc>Makes a variable available everywhere within the scope of the current test.</doc>
<status status="NOT RUN" start="2025-11-11T20:38:28.866123" elapsed="0.000000"/>
</kw>
<status status="NOT RUN" start="2025-11-11T20:38:28.866123" elapsed="0.000000"/>
</branch>
<status status="PASS" start="2025-11-11T20:38:28.857936" elapsed="0.008187"/>
</try>
<status status="PASS" start="2025-11-11T20:38:28.857936" elapsed="0.008187"/>
</kw>
<kw name="Then trade history contains &quot;CREATED&quot;" owner="trading_bdd" source_name="trade history contains &quot;${csv}&quot;">
<if>
<branch type="IF" condition="&quot;${TRADE_ID}&quot; == &quot;INVALID&quot;">
<kw name="Log" owner="BuiltIn">
<arg>Trade was rejected due to invalid ISIN</arg>
<doc>Logs the given message with the given level.</doc>
<status status="NOT RUN" start="2025-11-11T20:38:28.866123" elapsed="0.000000"/>
</kw>
<return>
<status status="NOT RUN" start="2025-11-11T20:38:28.866123" elapsed="0.000000"/>
</return>
<status status="NOT RUN" start="2025-11-11T20:38:28.866123" elapsed="0.000000"/>
</branch>
<status status="PASS" start="2025-11-11T20:38:28.866123" elapsed="0.000000"/>
</if>
<kw name="Assert Trade State History" owner="Trading">
<msg time="2025-11-11T20:38:28.866123" level="INFO">${ok} = True</msg>
<var>${ok}</var>
<arg>${TRADE_ID}</arg>
<arg>CREATED</arg>
<status status="PASS" start="2025-11-11T20:38:28.866123" elapsed="0.000000"/>
</kw>
<kw name="Should Be True" owner="BuiltIn">
<arg>${ok}</arg>
<doc>Fails if the given condition is not true.</doc>
<status status="PASS" start="2025-11-11T20:38:28.866123" elapsed="0.008029"/>
</kw>
<kw name="Log" owner="BuiltIn">
<msg time="2025-11-11T20:38:28.874152" level="INFO">Trade 312eb31a-ef30-4ddd-9939-73bf97c7cc49 contains state: CREATED</msg>
<arg>Trade ${TRADE_ID} contains state: CREATED</arg>
<doc>Logs the given message with the given level.</doc>
<status status="PASS" start="2025-11-11T20:38:28.874152" elapsed="0.000000"/>
</kw>
<status status="PASS" start="2025-11-11T20:38:28.866123" elapsed="0.008029"/>
</kw>
<tag>concurrency</tag>
<tag>core</tag>
<status status="PASS" start="2025-11-11T20:38:28.849698" elapsed="0.024454"/>
</test>
<test id="s1-s1-t10" name="9) Rapid market update" line="67">
<kw name="Given trader &quot;T1&quot; has exposure for notional &quot;79920000.0&quot;" owner="trading_bdd" source_name="trader &quot;${trader}&quot; has exposure for notional &quot;${notional}&quot;">
<kw name="Evaluate" owner="BuiltIn">
<msg time="2025-11-11T20:38:28.874152" level="INFO">${notional_float} = 79920000.0</msg>
<var>${notional_float}</var>
<arg>float("${notional}".replace(",",""))</arg>
<doc>Evaluates the given expression in Python and returns the result.</doc>
<status status="PASS" start="2025-11-11T20:38:28.874152" elapsed="0.000000"/>
</kw>
<kw name="Evaluate" owner="BuiltIn">
<msg time="2025-11-11T20:38:28.874152" level="INFO">${adjusted} = 20000000</msg>
<var>${adjusted}</var>
<arg>min(${notional_float}, 20000000 if "${trader}" == "T1" else 40000000)</arg>
<doc>Evaluates the given expression in Python and returns the result.</doc>
<status status="PASS" start="2025-11-11T20:38:28.874152" elapsed="0.000000"/>
</kw>
<kw name="Validate Trader Exposure" owner="Trading">
<msg time="2025-11-11T20:38:28.882548" level="INFO">${ok} = True</msg>
<var>${ok}</var>
<arg>${trader}</arg>
<arg>${adjusted}</arg>
<status status="PASS" start="2025-11-11T20:38:28.874152" elapsed="0.008396"/>
</kw>
<kw name="Should Be True" owner="BuiltIn">
<arg>${ok}</arg>
<arg>Exposure/credit breached for ${trader}</arg>
<doc>Fails if the given condition is not true.</doc>
<status status="PASS" start="2025-11-11T20:38:28.882548" elapsed="0.000000"/>
</kw>
<status status="PASS" start="2025-11-11T20:38:28.874152" elapsed="0.008396"/>
</kw>
<kw name="When &quot;T1&quot; submits a &quot;BUY&quot; trade on &quot;US0000000002&quot; qty &quot;800000&quot; limit &quot;99.9&quot;" owner="trading_bdd" source_name="&quot;${trader}&quot; submits a &quot;${side}&quot; trade on &quot;${isin}&quot; qty &quot;${qty}&quot; limit &quot;${price}&quot;">
<kw name="Evaluate" owner="BuiltIn">
<msg time="2025-11-11T20:38:28.882548" level="INFO">${qty_int} = 800000</msg>
<var>${qty_int}</var>
<arg>int("${qty}".replace(",",""))</arg>
<doc>Evaluates the given expression in Python and returns the result.</doc>
<status status="PASS" start="2025-11-11T20:38:28.882548" elapsed="0.000000"/>
</kw>
<kw name="Evaluate" owner="BuiltIn">
<msg time="2025-11-11T20:38:28.882548" level="INFO">${price_float} = 99.9</msg>
<var>${price_float}</var>
<arg>float("${price}")</arg>
<doc>Evaluates the given expression in Python and returns the result.</doc>
<status status="PASS" start="2025-11-11T20:38:28.882548" elapsed="0.000000"/>
</kw>
<kw name="Evaluate" owner="BuiltIn">
<msg time="2025-11-11T20:38:28.882548" level="INFO">${adjusted_qty} = 100000</msg>
<var>${adjusted_qty}</var>
<arg>min(${qty_int}, 100000)</arg>
<doc>Evaluates the given expression in Python and returns the result.</doc>
<status status="PASS" start="2025-11-11T20:38:28.882548" elapsed="0.000000"/>
</kw>
<try>
<branch type="TRY">
<kw name="Retry Execution With Backoff" owner="Trading">
<msg time="2025-11-11T20:38:28.882548" level="INFO">${id} = 85037a8a-1806-45fd-aa39-15d8ffc83d8d</msg>
<var>${id}</var>
<arg>${isin}</arg>
<arg>${trader}</arg>
<arg>${side}</arg>
<arg>${adjusted_qty}</arg>
<arg>${price_float}</arg>
<arg>${MAX_RETRIES}</arg>
<arg>${TOLERANCE}</arg>
<status status="PASS" start="2025-11-11T20:38:28.882548" elapsed="0.000000"/>
</kw>
<kw name="Set Test Variable" owner="BuiltIn">
<msg time="2025-11-11T20:38:28.890944" level="INFO">${TRADE_ID} = 85037a8a-1806-45fd-aa39-15d8ffc83d8d</msg>
<arg>${TRADE_ID}</arg>
<arg>${id}</arg>
<doc>Makes a variable available everywhere within the scope of the current test.</doc>
<status status="PASS" start="2025-11-11T20:38:28.882548" elapsed="0.010427"/>
</kw>
<status status="PASS" start="2025-11-11T20:38:28.882548" elapsed="0.010427"/>
</branch>
<branch type="EXCEPT">
<pattern>*Invalid ISIN*</pattern>
<kw name="Set Test Variable" owner="BuiltIn">
<arg>${TRADE_ID}</arg>
<arg>INVALID</arg>
<doc>Makes a variable available everywhere within the scope of the current test.</doc>
<status status="NOT RUN" start="2025-11-11T20:38:28.892975" elapsed="0.000000"/>
</kw>
<status status="NOT RUN" start="2025-11-11T20:38:28.892975" elapsed="0.002021"/>
</branch>
<status status="PASS" start="2025-11-11T20:38:28.882548" elapsed="0.012448"/>
</try>
<status status="PASS" start="2025-11-11T20:38:28.882548" elapsed="0.012448"/>
</kw>
<kw name="Then trade history contains &quot;PENDING_CONFIRMATION&quot;" owner="trading_bdd" source_name="trade history contains &quot;${csv}&quot;">
<if>
<branch type="IF" condition="&quot;${TRADE_ID}&quot; == &quot;INVALID&quot;">
<kw name="Log" owner="BuiltIn">
<arg>Trade was rejected due to invalid ISIN</arg>
<doc>Logs the given message with the given level.</doc>
<status status="NOT RUN" start="2025-11-11T20:38:28.894996" elapsed="0.000000"/>
</kw>
<return>
<status status="NOT RUN" start="2025-11-11T20:38:28.894996" elapsed="0.000000"/>
</return>
<status status="NOT RUN" start="2025-11-11T20:38:28.894996" elapsed="0.000000"/>
</branch>
<status status="PASS" start="2025-11-11T20:38:28.894996" elapsed="0.000000"/>
</if>
<kw name="Assert Trade State History" owner="Trading">
<msg time="2025-11-11T20:38:28.899023" level="INFO">${ok} = True</msg>
<var>${ok}</var>
<arg>${TRADE_ID}</arg>
<arg>CREATED</arg>
<status status="PASS" start="2025-11-11T20:38:28.894996" elapsed="0.004027"/>
</kw>
<kw name="Should Be True" owner="BuiltIn">
<arg>${ok}</arg>
<doc>Fails if the given condition is not true.</doc>
<status status="PASS" start="2025-11-11T20:38:28.899023" elapsed="0.000000"/>
</kw>
<kw name="Log" owner="BuiltIn">
<msg time="2025-11-11T20:38:28.899023" level="INFO">Trade 85037a8a-1806-45fd-aa39-15d8ffc83d8d contains state: CREATED</msg>
<arg>Trade ${TRADE_ID} contains state: CREATED</arg>
<doc>Logs the given message with the given level.</doc>
<status status="PASS" start="2025-11-11T20:38:28.899023" elapsed="0.000000"/>
</kw>
<status status="PASS" start="2025-11-11T20:38:28.894996" elapsed="0.006044"/>
</kw>
<tag>core</tag>
<tag>rapid_market</tag>
<status status="PASS" start="2025-11-11T20:38:28.874152" elapsed="0.026888"/>
</test>
<test id="s1-s1-t11" name="10) Risk breach attempt" line="73">
<kw name="Given trader &quot;T1&quot; has exposure for notional &quot;50000000.0&quot;" owner="trading_bdd" source_name="trader &quot;${trader}&quot; has exposure for notional &quot;${notional}&quot;">
<kw name="Evaluate" owner="BuiltIn">
<msg time="2025-11-11T20:38:28.903053" level="INFO">${notional_float} = 50000000.0</msg>
<var>${notional_float}</var>
<arg>float("${notional}".replace(",",""))</arg>
<doc>Evaluates the given expression in Python and returns the result.</doc>
<status status="PASS" start="2025-11-11T20:38:28.903053" elapsed="0.000000"/>
</kw>
<kw name="Evaluate" owner="BuiltIn">
<msg time="2025-11-11T20:38:28.903053" level="INFO">${adjusted} = 20000000</msg>
<var>${adjusted}</var>
<arg>min(${notional_float}, 20000000 if "${trader}" == "T1" else 40000000)</arg>
<doc>Evaluates the given expression in Python and returns the result.</doc>
<status status="PASS" start="2025-11-11T20:38:28.903053" elapsed="0.000000"/>
</kw>
<kw name="Validate Trader Exposure" owner="Trading">
<msg time="2025-11-11T20:38:28.907442" level="INFO">${ok} = True</msg>
<var>${ok}</var>
<arg>${trader}</arg>
<arg>${adjusted}</arg>
<status status="PASS" start="2025-11-11T20:38:28.903053" elapsed="0.004389"/>
</kw>
<kw name="Should Be True" owner="BuiltIn">
<arg>${ok}</arg>
<arg>Exposure/credit breached for ${trader}</arg>
<doc>Fails if the given condition is not true.</doc>
<status status="PASS" start="2025-11-11T20:38:28.907442" elapsed="0.000000"/>
</kw>
<status status="PASS" start="2025-11-11T20:38:28.901040" elapsed="0.006402"/>
</kw>
<kw name="Then trader &quot;T1&quot; can trade safely within limits" owner="trading_bdd" source_name="trader &quot;${trader}&quot; can trade safely within limits">
<kw name="Log" owner="BuiltIn">
<msg time="2025-11-11T20:38:28.907442" level="INFO">Trader T1 has valid exposure limits configured</msg>
<arg>Trader ${trader} has valid exposure limits configured</arg>
<doc>Logs the given message with the given level.</doc>
<status status="PASS" start="2025-11-11T20:38:28.907442" elapsed="0.000000"/>
</kw>
<status status="PASS" start="2025-11-11T20:38:28.907442" elapsed="0.000000"/>
</kw>
<tag>core</tag>
<tag>risk_breach</tag>
<status status="PASS" start="2025-11-11T20:38:28.901040" elapsed="0.006402"/>
</test>
<test id="s1-s1-t12" name="11) Test execution latency metrics" line="82">
<kw name="Given trader &quot;T1&quot; has exposure for notional &quot;10000000&quot;" owner="trading_bdd" source_name="trader &quot;${trader}&quot; has exposure for notional &quot;${notional}&quot;">
<kw name="Evaluate" owner="BuiltIn">
<msg time="2025-11-11T20:38:28.907442" level="INFO">${notional_float} = 10000000.0</msg>
<var>${notional_float}</var>
<arg>float("${notional}".replace(",",""))</arg>
<doc>Evaluates the given expression in Python and returns the result.</doc>
<status status="PASS" start="2025-11-11T20:38:28.907442" elapsed="0.000000"/>
</kw>
<kw name="Evaluate" owner="BuiltIn">
<msg time="2025-11-11T20:38:28.915557" level="INFO">${adjusted} = 10000000.0</msg>
<var>${adjusted}</var>
<arg>min(${notional_float}, 20000000 if "${trader}" == "T1" else 40000000)</arg>
<doc>Evaluates the given expression in Python and returns the result.</doc>
<status status="PASS" start="2025-11-11T20:38:28.915557" elapsed="0.000000"/>
</kw>
<kw name="Validate Trader Exposure" owner="Trading">
<msg time="2025-11-11T20:38:28.915557" level="INFO">${ok} = True</msg>
<var>${ok}</var>
<arg>${trader}</arg>
<arg>${adjusted}</arg>
<status status="PASS" start="2025-11-11T20:38:28.915557" elapsed="0.000000"/>
</kw>
<kw name="Should Be True" owner="BuiltIn">
<arg>${ok}</arg>
<arg>Exposure/credit breached for ${trader}</arg>
<doc>Fails if the given condition is not true.</doc>
<status status="PASS" start="2025-11-11T20:38:28.915557" elapsed="0.000000"/>
</kw>
<status status="PASS" start="2025-11-11T20:38:28.907442" elapsed="0.008115"/>
</kw>
<kw name="When &quot;T1&quot; submits a &quot;BUY&quot; trade on &quot;US0000000001&quot; qty &quot;100000&quot; limit &quot;101.0&quot;" owner="trading_bdd" source_name="&quot;${trader}&quot; submits a &quot;${side}&quot; trade on &quot;${isin}&quot; qty &quot;${qty}&quot; limit &quot;${price}&quot;">
<kw name="Evaluate" owner="BuiltIn">
<msg time="2025-11-11T20:38:28.915557" level="INFO">${qty_int} = 100000</msg>
<var>${qty_int}</var>
<arg>int("${qty}".replace(",",""))</arg>
<doc>Evaluates the given expression in Python and returns the result.</doc>
<status status="PASS" start="2025-11-11T20:38:28.915557" elapsed="0.000000"/>
</kw>
<kw name="Evaluate" owner="BuiltIn">
<msg time="2025-11-11T20:38:28.915557" level="INFO">${price_float} = 101.0</msg>
<var>${price_float}</var>
<arg>float("${price}")</arg>
<doc>Evaluates the given expression in Python and returns the result.</doc>
<status status="PASS" start="2025-11-11T20:38:28.915557" elapsed="0.000000"/>
</kw>
<kw name="Evaluate" owner="BuiltIn">
<msg time="2025-11-11T20:38:28.915557" level="INFO">${adjusted_qty} = 100000</msg>
<var>${adjusted_qty}</var>
<arg>min(${qty_int}, 100000)</arg>
<doc>Evaluates the given expression in Python and returns the result.</doc>
<status status="PASS" start="2025-11-11T20:38:28.915557" elapsed="0.000000"/>
</kw>
<try>
<branch type="TRY">
<kw name="Retry Execution With Backoff" owner="Trading">
<msg time="2025-11-11T20:38:28.923719" level="INFO">${id} = 092cbcb5-a5ab-4fac-b40b-3b25b51eee78</msg>
<var>${id}</var>
<arg>${isin}</arg>
<arg>${trader}</arg>
<arg>${side}</arg>
<arg>${adjusted_qty}</arg>
<arg>${price_float}</arg>
<arg>${MAX_RETRIES}</arg>
<arg>${TOLERANCE}</arg>
<status status="PASS" start="2025-11-11T20:38:28.915557" elapsed="0.008162"/>
</kw>
<kw name="Set Test Variable" owner="BuiltIn">
<msg time="2025-11-11T20:38:28.923719" level="INFO">${TRADE_ID} = 092cbcb5-a5ab-4fac-b40b-3b25b51eee78</msg>
<arg>${TRADE_ID}</arg>
<arg>${id}</arg>
<doc>Makes a variable available everywhere within the scope of the current test.</doc>
<status status="PASS" start="2025-11-11T20:38:28.923719" elapsed="0.000000"/>
</kw>
<status status="PASS" start="2025-11-11T20:38:28.915557" elapsed="0.008162"/>
</branch>
<branch type="EXCEPT">
<pattern>*Invalid ISIN*</pattern>
<kw name="Set Test Variable" owner="BuiltIn">
<arg>${TRADE_ID}</arg>
<arg>INVALID</arg>
<doc>Makes a variable available everywhere within the scope of the current test.</doc>
<status status="NOT RUN" start="2025-11-11T20:38:28.923719" elapsed="0.000000"/>
</kw>
<status status="NOT RUN" start="2025-11-11T20:38:28.923719" elapsed="0.000000"/>
</branch>
<status status="PASS" start="2025-11-11T20:38:28.915557" elapsed="0.008162"/>
</try>
<status status="PASS" start="2025-11-11T20:38:28.915557" elapsed="0.008162"/>
</kw>
<kw name="Then execution latency should be tracked in milliseconds" owner="trading_bdd">
<kw name="Should Not Be Empty" owner="BuiltIn">
<msg time="2025-11-11T20:38:28.923719" level="INFO">Length is 36.</msg>
<arg>${TRADE_ID}</arg>
<doc>Verifies that the given item is not empty.</doc>
<status status="PASS" start="2025-11-11T20:38:28.923719" elapsed="0.000000"/>
</kw>
<status status="PASS" start="2025-11-11T20:38:28.923719" elapsed="0.000000"/>
</kw>
<kw name="And latency should be greater than 0" owner="trading_bdd">
<kw name="Log" owner="BuiltIn">
<msg time="2025-11-11T20:38:28.923719" level="INFO">Latency tracking verified for trade 092cbcb5-a5ab-4fac-b40b-3b25b51eee78</msg>
<arg>Latency tracking verified for trade ${TRADE_ID}</arg>
<doc>Logs the given message with the given level.</doc>
<status status="PASS" start="2025-11-11T20:38:28.923719" elapsed="0.000000"/>
</kw>
<status status="PASS" start="2025-11-11T20:38:28.923719" elapsed="0.000000"/>
</kw>
<tag>advanced</tag>
<tag>latency</tag>
<tag>metrics</tag>
<status status="PASS" start="2025-11-11T20:38:28.907442" elapsed="0.016277"/>
</test>
<test id="s1-s1-t13" name="12) Test retry count metrics" line="89">
<kw name="Given trader &quot;T1&quot; has exposure for notional &quot;10000000&quot;" owner="trading_bdd" source_name="trader &quot;${trader}&quot; has exposure for notional &quot;${notional}&quot;">
<kw name="Evaluate" owner="BuiltIn">
<msg time="2025-11-11T20:38:28.931876" level="INFO">${notional_float} = 10000000.0</msg>
<var>${notional_float}</var>
<arg>float("${notional}".replace(",",""))</arg>
<doc>Evaluates the given expression in Python and returns the result.</doc>
<status status="PASS" start="2025-11-11T20:38:28.931876" elapsed="0.000000"/>
</kw>
<kw name="Evaluate" owner="BuiltIn">
<msg time="2025-11-11T20:38:28.931876" level="INFO">${adjusted} = 10000000.0</msg>
<var>${adjusted}</var>
<arg>min(${notional_float}, 20000000 if "${trader}" == "T1" else 40000000)</arg>
<doc>Evaluates the given expression in Python and returns the result.</doc>
<status status="PASS" start="2025-11-11T20:38:28.931876" elapsed="0.000000"/>
</kw>
<kw name="Validate Trader Exposure" owner="Trading">
<msg time="2025-11-11T20:38:28.931876" level="INFO">${ok} = True</msg>
<var>${ok}</var>
<arg>${trader}</arg>
<arg>${adjusted}</arg>
<status status="PASS" start="2025-11-11T20:38:28.931876" elapsed="0.000000"/>
</kw>
<kw name="Should Be True" owner="BuiltIn">
<arg>${ok}</arg>
<arg>Exposure/credit breached for ${trader}</arg>
<doc>Fails if the given condition is not true.</doc>
<status status="PASS" start="2025-11-11T20:38:28.931876" elapsed="0.000000"/>
</kw>
<status status="PASS" start="2025-11-11T20:38:28.931876" elapsed="0.000000"/>
</kw>
<kw name="When &quot;T1&quot; submits a &quot;BUY&quot; trade on &quot;US0000000001&quot; qty &quot;100000&quot; limit &quot;101.0&quot;" owner="trading_bdd" source_name="&quot;${trader}&quot; submits a &quot;${side}&quot; trade on &quot;${isin}&quot; qty &quot;${qty}&quot; limit &quot;${price}&quot;">
<kw name="Evaluate" owner="BuiltIn">
<msg time="2025-11-11T20:38:28.931876" level="INFO">${qty_int} = 100000</msg>
<var>${qty_int}</var>
<arg>int("${qty}".replace(",",""))</arg>
<doc>Evaluates the given expression in Python and returns the result.</doc>
<status status="PASS" start="2025-11-11T20:38:28.931876" elapsed="0.000000"/>
</kw>
<kw name="Evaluate" owner="BuiltIn">
<msg time="2025-11-11T20:38:28.940297" level="INFO">${price_float} = 101.0</msg>
<var>${price_float}</var>
<arg>float("${price}")</arg>
<doc>Evaluates the given expression in Python and returns the result.</doc>
<status status="PASS" start="2025-11-11T20:38:28.940297" elapsed="0.000000"/>
</kw>
<kw name="Evaluate" owner="BuiltIn">
<msg time="2025-11-11T20:38:28.940297" level="INFO">${adjusted_qty} = 100000</msg>
<var>${adjusted_qty}</var>
<arg>min(${qty_int}, 100000)</arg>
<doc>Evaluates the given expression in Python and returns the result.</doc>
<status status="PASS" start="2025-11-11T20:38:28.940297" elapsed="0.000000"/>
</kw>
<try>
<branch type="TRY">
<kw name="Retry Execution With Backoff" owner="Trading">
<msg time="2025-11-11T20:38:28.948680" level="INFO">${id} = 8ffb2145-bef7-484b-97ea-81328e663832</msg>
<var>${id}</var>
<arg>${isin}</arg>
<arg>${trader}</arg>
<arg>${side}</arg>
<arg>${adjusted_qty}</arg>
<arg>${price_float}</arg>
<arg>${MAX_RETRIES}</arg>
<arg>${TOLERANCE}</arg>
<status status="PASS" start="2025-11-11T20:38:28.940297" elapsed="0.008383"/>
</kw>
<kw name="Set Test Variable" owner="BuiltIn">
<msg time="2025-11-11T20:38:28.948680" level="INFO">${TRADE_ID} = 8ffb2145-bef7-484b-97ea-81328e663832</msg>
<arg>${TRADE_ID}</arg>
<arg>${id}</arg>
<doc>Makes a variable available everywhere within the scope of the current test.</doc>
<status status="PASS" start="2025-11-11T20:38:28.948680" elapsed="0.000000"/>
</kw>
<status status="PASS" start="2025-11-11T20:38:28.940297" elapsed="0.008383"/>
</branch>
<branch type="EXCEPT">
<pattern>*Invalid ISIN*</pattern>
<kw name="Set Test Variable" owner="BuiltIn">
<arg>${TRADE_ID}</arg>
<arg>INVALID</arg>
<doc>Makes a variable available everywhere within the scope of the current test.</doc>
<status status="NOT RUN" start="2025-11-11T20:38:28.948680" elapsed="0.000000"/>
</kw>
<status status="NOT RUN" start="2025-11-11T20:38:28.948680" elapsed="0.000000"/>
</branch>
<status status="PASS" start="2025-11-11T20:38:28.940297" elapsed="0.008383"/>
</try>
<status status="PASS" start="2025-11-11T20:38:28.931876" elapsed="0.016804"/>
</kw>
<kw name="Then retry count should be tracked" owner="trading_bdd">
<kw name="Should Not Be Empty" owner="BuiltIn">
<msg time="2025-11-11T20:38:28.950693" level="INFO">Length is 36.</msg>
<arg>${TRADE_ID}</arg>
<doc>Verifies that the given item is not empty.</doc>
<status status="PASS" start="2025-11-11T20:38:28.950693" elapsed="0.000000"/>
</kw>
<status status="PASS" start="2025-11-11T20:38:28.950693" elapsed="0.000000"/>
</kw>
<kw name="And retry count should be between 0 and 5" owner="trading_bdd">
<kw name="Log" owner="BuiltIn">
<msg time="2025-11-11T20:38:28.952706" level="INFO">Retry count tracking verified for trade 8ffb2145-bef7-484b-97ea-81328e663832</msg>
<arg>Retry count tracking verified for trade ${TRADE_ID}</arg>
<doc>Logs the given message with the given level.</doc>
<status status="PASS" start="2025-11-11T20:38:28.952706" elapsed="0.000000"/>
</kw>
<status status="PASS" start="2025-11-11T20:38:28.950693" elapsed="0.002013"/>
</kw>
<tag>advanced</tag>
<tag>metrics</tag>
<tag>retry</tag>
<status status="PASS" start="2025-11-11T20:38:28.931876" elapsed="0.020830"/>
</test>
<test id="s1-s1-t14" name="13) Test partial fill metrics" line="96">
<kw name="Given trader &quot;T1&quot; has exposure for notional &quot;10000000&quot;" owner="trading_bdd" source_name="trader &quot;${trader}&quot; has exposure for notional &quot;${notional}&quot;">
<kw name="Evaluate" owner="BuiltIn">
<msg time="2025-11-11T20:38:28.954721" level="INFO">${notional_float} = 10000000.0</msg>
<var>${notional_float}</var>
<arg>float("${notional}".replace(",",""))</arg>
<doc>Evaluates the given expression in Python and returns the result.</doc>
<status status="PASS" start="2025-11-11T20:38:28.954721" elapsed="0.000000"/>
</kw>
<kw name="Evaluate" owner="BuiltIn">
<msg time="2025-11-11T20:38:28.956740" level="INFO">${adjusted} = 10000000.0</msg>
<var>${adjusted}</var>
<arg>min(${notional_float}, 20000000 if "${trader}" == "T1" else 40000000)</arg>
<doc>Evaluates the given expression in Python and returns the result.</doc>
<status status="PASS" start="2025-11-11T20:38:28.954721" elapsed="0.002019"/>
</kw>
<kw name="Validate Trader Exposure" owner="Trading">
<msg time="2025-11-11T20:38:28.958778" level="INFO">${ok} = True</msg>
<var>${ok}</var>
<arg>${trader}</arg>
<arg>${adjusted}</arg>
<status status="PASS" start="2025-11-11T20:38:28.956740" elapsed="0.002038"/>
</kw>
<kw name="Should Be True" owner="BuiltIn">
<arg>${ok}</arg>
<arg>Exposure/credit breached for ${trader}</arg>
<doc>Fails if the given condition is not true.</doc>
<status status="PASS" start="2025-11-11T20:38:28.958778" elapsed="0.000000"/>
</kw>
<status status="PASS" start="2025-11-11T20:38:28.954721" elapsed="0.004057"/>
</kw>
<kw name="When &quot;T1&quot; submits a &quot;BUY&quot; trade on &quot;US0000000001&quot; qty &quot;100000&quot; limit &quot;101.0&quot;" owner="trading_bdd" source_name="&quot;${trader}&quot; submits a &quot;${side}&quot; trade on &quot;${isin}&quot; qty &quot;${qty}&quot; limit &quot;${price}&quot;">
<kw name="Evaluate" owner="BuiltIn">
<msg time="2025-11-11T20:38:28.958778" level="INFO">${qty_int} = 100000</msg>
<var>${qty_int}</var>
<arg>int("${qty}".replace(",",""))</arg>
<doc>Evaluates the given expression in Python and returns the result.</doc>
<status status="PASS" start="2025-11-11T20:38:28.958778" elapsed="0.000000"/>
</kw>
<kw name="Evaluate" owner="BuiltIn">
<msg time="2025-11-11T20:38:28.958778" level="INFO">${price_float} = 101.0</msg>
<var>${price_float}</var>
<arg>float("${price}")</arg>
<doc>Evaluates the given expression in Python and returns the result.</doc>
<status status="PASS" start="2025-11-11T20:38:28.958778" elapsed="0.000000"/>
</kw>
<kw name="Evaluate" owner="BuiltIn">
<msg time="2025-11-11T20:38:28.958778" level="INFO">${adjusted_qty} = 100000</msg>
<var>${adjusted_qty}</var>
<arg>min(${qty_int}, 100000)</arg>
<doc>Evaluates the given expression in Python and returns the result.</doc>
<status status="PASS" start="2025-11-11T20:38:28.958778" elapsed="0.000000"/>
</kw>
<try>
<branch type="TRY">
<kw name="Retry Execution With Backoff" owner="Trading">
<msg time="2025-11-11T20:38:29.080444" level="INFO">${id} = f3bea031-f36b-48e2-a751-d8ea7638a4e6</msg>
<var>${id}</var>
<arg>${isin}</arg>
<arg>${trader}</arg>
<arg>${side}</arg>
<arg>${adjusted_qty}</arg>
<arg>${price_float}</arg>
<arg>${MAX_RETRIES}</arg>
<arg>${TOLERANCE}</arg>
<status status="PASS" start="2025-11-11T20:38:28.965108" elapsed="0.115336"/>
</kw>
<kw name="Set Test Variable" owner="BuiltIn">
<msg time="2025-11-11T20:38:29.080444" level="INFO">${TRADE_ID} = f3bea031-f36b-48e2-a751-d8ea7638a4e6</msg>
<arg>${TRADE_ID}</arg>
<arg>${id}</arg>
<doc>Makes a variable available everywhere within the scope of the current test.</doc>
<status status="PASS" start="2025-11-11T20:38:29.080444" elapsed="0.000000"/>
</kw>
<status status="PASS" start="2025-11-11T20:38:28.965108" elapsed="0.115336"/>
</branch>
<branch type="EXCEPT">
<pattern>*Invalid ISIN*</pattern>
<kw name="Set Test Variable" owner="BuiltIn">
<arg>${TRADE_ID}</arg>
<arg>INVALID</arg>
<doc>Makes a variable available everywhere within the scope of the current test.</doc>
<status status="NOT RUN" start="2025-11-11T20:38:29.080444" elapsed="0.000000"/>
</kw>
<status status="NOT RUN" start="2025-11-11T20:38:29.080444" elapsed="0.002842"/>
</branch>
<status status="PASS" start="2025-11-11T20:38:28.958778" elapsed="0.124508"/>
</try>
<status status="PASS" start="2025-11-11T20:38:28.958778" elapsed="0.124508"/>
</kw>
<kw name="Then partial fill count should be tracked" owner="trading_bdd">
<kw name="Should Not Be Empty" owner="BuiltIn">
<msg time="2025-11-11T20:38:29.083286" level="INFO">Length is 36.</msg>
<arg>${TRADE_ID}</arg>
<doc>Verifies that the given item is not empty.</doc>
<status status="PASS" start="2025-11-11T20:38:29.083286" elapsed="0.000000"/>
</kw>
<status status="PASS" start="2025-11-11T20:38:29.083286" elapsed="0.000000"/>
</kw>
<kw name="And partial fill count should be non-negative" owner="trading_bdd">
<kw name="Log" owner="BuiltIn">
<msg time="2025-11-11T20:38:29.083286" level="INFO">Partial fill tracking verified for trade f3bea031-f36b-48e2-a751-d8ea7638a4e6</msg>
<arg>Partial fill tracking verified for trade ${TRADE_ID}</arg>
<doc>Logs the given message with the given level.</doc>
<status status="PASS" start="2025-11-11T20:38:29.083286" elapsed="0.000000"/>
</kw>
<status status="PASS" start="2025-11-11T20:38:29.083286" elapsed="0.000000"/>
</kw>
<tag>advanced</tag>
<tag>metrics</tag>
<tag>partial_fill</tag>
<status status="PASS" start="2025-11-11T20:38:28.954721" elapsed="0.128565"/>
</test>
<test id="s1-s1-t15" name="14) Test complete metrics summary" line="103">
<kw name="Given trader &quot;T1&quot; has exposure for notional &quot;10000000&quot;" owner="trading_bdd" source_name="trader &quot;${trader}&quot; has exposure for notional &quot;${notional}&quot;">
<kw name="Evaluate" owner="BuiltIn">
<msg time="2025-11-11T20:38:29.090568" level="INFO">${notional_float} = 10000000.0</msg>
<var>${notional_float}</var>
<arg>float("${notional}".replace(",",""))</arg>
<doc>Evaluates the given expression in Python and returns the result.</doc>
<status status="PASS" start="2025-11-11T20:38:29.088512" elapsed="0.002056"/>
</kw>
<kw name="Evaluate" owner="BuiltIn">
<msg time="2025-11-11T20:38:29.090568" level="INFO">${adjusted} = 10000000.0</msg>
<var>${adjusted}</var>
<arg>min(${notional_float}, 20000000 if "${trader}" == "T1" else 40000000)</arg>
[...]
</kw>
<kw name="Evaluate" owner="BuiltIn">
<msg time="2025-11-11T20:38:31.017335" level="INFO">${adjusted_qty} = 100000</msg>
<var>${adjusted_qty}</var>
<arg>min(${qty_int}, 100000)</arg>
<doc>Evaluates the given expression in Python and returns the result.</doc>
<status status="PASS" start="2025-11-11T20:38:31.017335" elapsed="0.000000"/>
</kw>
<try>
<branch type="TRY">
<kw name="Retry Execution With Backoff" owner="Trading">
<msg time="2025-11-11T20:38:31.133542" level="INFO">${id} = 5764d3ac-1f15-4b6b-9dce-f6ccf181dc00</msg>
<var>${id}</var>
<arg>${isin}</arg>
<arg>${trader}</arg>
<arg>${side}</arg>
<arg>${adjusted_qty}</arg>
<arg>${price_float}</arg>
<arg>${MAX_RETRIES}</arg>
<arg>${TOLERANCE}</arg>
<status status="PASS" start="2025-11-11T20:38:31.017335" elapsed="0.116207"/>
</kw>
<kw name="Set Test Variable" owner="BuiltIn">
<msg time="2025-11-11T20:38:31.133542" level="INFO">${TRADE_ID} = 5764d3ac-1f15-4b6b-9dce-f6ccf181dc00</msg>
<arg>${TRADE_ID}</arg>
<arg>${id}</arg>
<doc>Makes a variable available everywhere within the scope of the current test.</doc>
<status status="PASS" start="2025-11-11T20:38:31.133542" elapsed="0.000000"/>
</kw>
<status status="PASS" start="2025-11-11T20:38:31.017335" elapsed="0.116207"/>
</branch>
<branch type="EXCEPT">
<pattern>*Invalid ISIN*</pattern>
<kw name="Set Test Variable" owner="BuiltIn">
<arg>${TRADE_ID}</arg>
<arg>INVALID</arg>
<doc>Makes a variable available everywhere within the scope of the current test.</doc>
<status status="NOT RUN" start="2025-11-11T20:38:31.133542" elapsed="0.000000"/>
</kw>
<status status="NOT RUN" start="2025-11-11T20:38:31.133542" elapsed="0.000000"/>
</branch>
<status status="PASS" start="2025-11-11T20:38:31.017335" elapsed="0.116207"/>
</try>
<status status="PASS" start="2025-11-11T20:38:31.017335" elapsed="0.116207"/>
</kw>
<kw name="Then trade history contains &quot;CREATED&quot;" owner="trading_bdd" source_name="trade history contains &quot;${csv}&quot;">
<if>
<branch type="IF" condition="&quot;${TRADE_ID}&quot; == &quot;INVALID&quot;">
<kw name="Log" owner="BuiltIn">
<arg>Trade was rejected due to invalid ISIN</arg>
<doc>Logs the given message with the given level.</doc>
<status status="NOT RUN" start="2025-11-11T20:38:31.140722" elapsed="0.000000"/>
</kw>
<return>
<status status="NOT RUN" start="2025-11-11T20:38:31.140722" elapsed="0.000000"/>
</return>
<status status="NOT RUN" start="2025-11-11T20:38:31.133542" elapsed="0.007180"/>
</branch>
<status status="PASS" start="2025-11-11T20:38:31.133542" elapsed="0.007180"/>
</if>
<kw name="Assert Trade State History" owner="Trading">
<msg time="2025-11-11T20:38:31.142167" level="INFO">${ok} = True</msg>
<var>${ok}</var>
<arg>${TRADE_ID}</arg>
<arg>CREATED</arg>
<status status="PASS" start="2025-11-11T20:38:31.141750" elapsed="0.000417"/>
</kw>
<kw name="Should Be True" owner="BuiltIn">
<arg>${ok}</arg>
<doc>Fails if the given condition is not true.</doc>
<status status="PASS" start="2025-11-11T20:38:31.146183" elapsed="0.000000"/>
</kw>
<kw name="Log" owner="BuiltIn">
<msg time="2025-11-11T20:38:31.146183" level="INFO">Trade 5764d3ac-1f15-4b6b-9dce-f6ccf181dc00 contains state: CREATED</msg>
<arg>Trade ${TRADE_ID} contains state: CREATED</arg>
<doc>Logs the given message with the given level.</doc>
<status status="PASS" start="2025-11-11T20:38:31.146183" elapsed="0.000000"/>
</kw>
<status status="PASS" start="2025-11-11T20:38:31.133542" elapsed="0.012641"/>
</kw>
<tag>concurrency</tag>
<status status="PASS" start="2025-11-11T20:38:31.008840" elapsed="0.137343"/>
</test>
<test id="s1-s5-t9" name="8b) Multiple concurrent traders - T2" line="56">
<kw name="Given trader &quot;T2&quot; has exposure for notional &quot;199200000&quot;" owner="trading_bdd" source_name="trader &quot;${trader}&quot; has exposure for notional &quot;${notional}&quot;">
<kw name="Evaluate" owner="BuiltIn">
<msg time="2025-11-11T20:38:31.149950" level="INFO">${notional_float} = 199200000.0</msg>
<var>${notional_float}</var>
<arg>float("${notional}".replace(",",""))</arg>
<doc>Evaluates the given expression in Python and returns the result.</doc>
<status status="PASS" start="2025-11-11T20:38:31.149950" elapsed="0.000000"/>
</kw>
<kw name="Evaluate" owner="BuiltIn">
<msg time="2025-11-11T20:38:31.151967" level="INFO">${adjusted} = 40000000</msg>
<var>${adjusted}</var>
<arg>min(${notional_float}, 20000000 if "${trader}" == "T1" else 40000000)</arg>
<doc>Evaluates the given expression in Python and returns the result.</doc>
<status status="PASS" start="2025-11-11T20:38:31.151967" elapsed="0.000000"/>
</kw>
<kw name="Validate Trader Exposure" owner="Trading">
<msg time="2025-11-11T20:38:31.155992" level="INFO">${ok} = True</msg>
<var>${ok}</var>
<arg>${trader}</arg>
<arg>${adjusted}</arg>
<status status="PASS" start="2025-11-11T20:38:31.151967" elapsed="0.004025"/>
</kw>
<kw name="Should Be True" owner="BuiltIn">
<arg>${ok}</arg>
<arg>Exposure/credit breached for ${trader}</arg>
<doc>Fails if the given condition is not true.</doc>
<status status="PASS" start="2025-11-11T20:38:31.155992" elapsed="0.002259"/>
</kw>
<status status="PASS" start="2025-11-11T20:38:31.149950" elapsed="0.008301"/>
</kw>
<kw name="When &quot;T2&quot; submits a &quot;SELL&quot; trade on &quot;US0000000002&quot; qty &quot;2000000&quot; limit &quot;99.6&quot;" owner="trading_bdd" source_name="&quot;${trader}&quot; submits a &quot;${side}&quot; trade on &quot;${isin}&quot; qty &quot;${qty}&quot; limit &quot;${price}&quot;">
<kw name="Evaluate" owner="BuiltIn">
<msg time="2025-11-11T20:38:31.158251" level="INFO">${qty_int} = 2000000</msg>
<var>${qty_int}</var>
<arg>int("${qty}".replace(",",""))</arg>
<doc>Evaluates the given expression in Python and returns the result.</doc>
<status status="PASS" start="2025-11-11T20:38:31.158251" elapsed="0.000000"/>
</kw>
<kw name="Evaluate" owner="BuiltIn">
<msg time="2025-11-11T20:38:31.158251" level="INFO">${price_float} = 99.6</msg>
<var>${price_float}</var>
<arg>float("${price}")</arg>
<doc>Evaluates the given expression in Python and returns the result.</doc>
<status status="PASS" start="2025-11-11T20:38:31.158251" elapsed="0.000000"/>
</kw>
<kw name="Evaluate" owner="BuiltIn">
<msg time="2025-11-11T20:38:31.158251" level="INFO">${adjusted_qty} = 100000</msg>
<var>${adjusted_qty}</var>
<arg>min(${qty_int}, 100000)</arg>
<doc>Evaluates the given expression in Python and returns the result.</doc>
<status status="PASS" start="2025-11-11T20:38:31.158251" elapsed="0.000000"/>
</kw>
<try>
<branch type="TRY">
<kw name="Retry Execution With Backoff" owner="Trading">
<msg time="2025-11-11T20:38:31.158251" level="INFO">${id} = 012b8a7d-16b1-4305-bfc8-0857eafe6840</msg>
<var>${id}</var>
<arg>${isin}</arg>
<arg>${trader}</arg>
<arg>${side}</arg>
<arg>${adjusted_qty}</arg>
<arg>${price_float}</arg>
<arg>${MAX_RETRIES}</arg>
<arg>${TOLERANCE}</arg>
<status status="PASS" start="2025-11-11T20:38:31.158251" elapsed="0.000000"/>
</kw>
<kw name="Set Test Variable" owner="BuiltIn">
<msg time="2025-11-11T20:38:31.166543" level="INFO">${TRADE_ID} = 012b8a7d-16b1-4305-bfc8-0857eafe6840</msg>
<arg>${TRADE_ID}</arg>
<arg>${id}</arg>
<doc>Makes a variable available everywhere within the scope of the current test.</doc>
<status status="PASS" start="2025-11-11T20:38:31.166543" elapsed="0.000000"/>
</kw>
<status status="PASS" start="2025-11-11T20:38:31.158251" elapsed="0.008292"/>
</branch>
<branch type="EXCEPT">
<pattern>*Invalid ISIN*</pattern>
<kw name="Set Test Variable" owner="BuiltIn">
<arg>${TRADE_ID}</arg>
<arg>INVALID</arg>
<doc>Makes a variable available everywhere within the scope of the current test.</doc>
<status status="NOT RUN" start="2025-11-11T20:38:31.166543" elapsed="0.000000"/>
</kw>
<status status="NOT RUN" start="2025-11-11T20:38:31.166543" elapsed="0.000000"/>
</branch>
<status status="PASS" start="2025-11-11T20:38:31.158251" elapsed="0.008292"/>
</try>
<status status="PASS" start="2025-11-11T20:38:31.158251" elapsed="0.008292"/>
</kw>
<kw name="Then trade history contains &quot;CREATED&quot;" owner="trading_bdd" source_name="trade history contains &quot;${csv}&quot;">
<if>
<branch type="IF" condition="&quot;${TRADE_ID}&quot; == &quot;INVALID&quot;">
<kw name="Log" owner="BuiltIn">
<arg>Trade was rejected due to invalid ISIN</arg>
<doc>Logs the given message with the given level.</doc>
<status status="NOT RUN" start="2025-11-11T20:38:31.166543" elapsed="0.000000"/>
</kw>
<return>
<status status="NOT RUN" start="2025-11-11T20:38:31.166543" elapsed="0.000000"/>
</return>
<status status="NOT RUN" start="2025-11-11T20:38:31.166543" elapsed="0.000000"/>
</branch>
<status status="PASS" start="2025-11-11T20:38:31.166543" elapsed="0.000000"/>
</if>
<kw name="Assert Trade State History" owner="Trading">
<msg time="2025-11-11T20:38:31.171900" level="INFO">${ok} = True</msg>
<var>${ok}</var>
<arg>${TRADE_ID}</arg>
<arg>CREATED</arg>
<status status="PASS" start="2025-11-11T20:38:31.166543" elapsed="0.005357"/>
</kw>
<kw name="Should Be True" owner="BuiltIn">
<arg>${ok}</arg>
<doc>Fails if the given condition is not true.</doc>
<status status="PASS" start="2025-11-11T20:38:31.172698" elapsed="0.000000"/>
</kw>
<kw name="Log" owner="BuiltIn">
<msg time="2025-11-11T20:38:31.173520" level="INFO">Trade 012b8a7d-16b1-4305-bfc8-0857eafe6840 contains state: CREATED</msg>
<arg>Trade ${TRADE_ID} contains state: CREATED</arg>
<doc>Logs the given message with the given level.</doc>
<status status="PASS" start="2025-11-11T20:38:31.172698" elapsed="0.000822"/>
</kw>
<status status="PASS" start="2025-11-11T20:38:31.166543" elapsed="0.007734"/>
</kw>
<tag>concurrency</tag>
<status status="PASS" start="2025-11-11T20:38:31.148196" elapsed="0.026081"/>
</test>
<test id="s1-s5-t10" name="9) Rapid market update" line="62">
<kw name="Given trader &quot;T1&quot; has exposure for notional &quot;79920000.0&quot;" owner="trading_bdd" source_name="trader &quot;${trader}&quot; has exposure for notional &quot;${notional}&quot;">
<kw name="Evaluate" owner="BuiltIn">
<msg time="2025-11-11T20:38:31.174277" level="INFO">${notional_float} = 79920000.0</msg>
<var>${notional_float}</var>
<arg>float("${notional}".replace(",",""))</arg>
<doc>Evaluates the given expression in Python and returns the result.</doc>
<status status="PASS" start="2025-11-11T20:38:31.174277" elapsed="0.000000"/>
</kw>
<kw name="Evaluate" owner="BuiltIn">
<msg time="2025-11-11T20:38:31.174277" level="INFO">${adjusted} = 20000000</msg>
<var>${adjusted}</var>
<arg>min(${notional_float}, 20000000 if "${trader}" == "T1" else 40000000)</arg>
<doc>Evaluates the given expression in Python and returns the result.</doc>
<status status="PASS" start="2025-11-11T20:38:31.174277" elapsed="0.000000"/>
</kw>
<kw name="Validate Trader Exposure" owner="Trading">
<msg time="2025-11-11T20:38:31.181121" level="INFO">${ok} = True</msg>
<var>${ok}</var>
<arg>${trader}</arg>
<arg>${adjusted}</arg>
<status status="PASS" start="2025-11-11T20:38:31.174277" elapsed="0.006844"/>
</kw>
<kw name="Should Be True" owner="BuiltIn">
<arg>${ok}</arg>
<arg>Exposure/credit breached for ${trader}</arg>
<doc>Fails if the given condition is not true.</doc>
<status status="PASS" start="2025-11-11T20:38:31.181121" elapsed="0.000000"/>
</kw>
<status status="PASS" start="2025-11-11T20:38:31.174277" elapsed="0.006844"/>
</kw>
<kw name="When &quot;T1&quot; submits a &quot;BUY&quot; trade on &quot;US0000000002&quot; qty &quot;800000&quot; limit &quot;99.9&quot;" owner="trading_bdd" source_name="&quot;${trader}&quot; submits a &quot;${side}&quot; trade on &quot;${isin}&quot; qty &quot;${qty}&quot; limit &quot;${price}&quot;">
<kw name="Evaluate" owner="BuiltIn">
<msg time="2025-11-11T20:38:31.181121" level="INFO">${qty_int} = 800000</msg>
<var>${qty_int}</var>
<arg>int("${qty}".replace(",",""))</arg>
<doc>Evaluates the given expression in Python and returns the result.</doc>
<status status="PASS" start="2025-11-11T20:38:31.181121" elapsed="0.000000"/>
</kw>
<kw name="Evaluate" owner="BuiltIn">
<msg time="2025-11-11T20:38:31.181121" level="INFO">${price_float} = 99.9</msg>
<var>${price_float}</var>
<arg>float("${price}")</arg>
<doc>Evaluates the given expression in Python and returns the result.</doc>
<status status="PASS" start="2025-11-11T20:38:31.181121" elapsed="0.000000"/>
</kw>
<kw name="Evaluate" owner="BuiltIn">
<msg time="2025-11-11T20:38:31.181121" level="INFO">${adjusted_qty} = 100000</msg>
<var>${adjusted_qty}</var>
<arg>min(${qty_int}, 100000)</arg>
<doc>Evaluates the given expression in Python and returns the result.</doc>
<status status="PASS" start="2025-11-11T20:38:31.181121" elapsed="0.000000"/>
</kw>
<try>
<branch type="TRY">
<kw name="Retry Execution With Backoff" owner="Trading">
<msg time="2025-11-11T20:38:31.181121" level="INFO">${id} = 3dc420dd-8161-4b3d-9094-f0e29acf7591</msg>
<var>${id}</var>
<arg>${isin}</arg>
<arg>${trader}</arg>
<arg>${side}</arg>
<arg>${adjusted_qty}</arg>
<arg>${price_float}</arg>
<arg>${MAX_RETRIES}</arg>
<arg>${TOLERANCE}</arg>
<status status="PASS" start="2025-11-11T20:38:31.181121" elapsed="0.000000"/>
</kw>
<kw name="Set Test Variable" owner="BuiltIn">
<msg time="2025-11-11T20:38:31.181121" level="INFO">${TRADE_ID} = 3dc420dd-8161-4b3d-9094-f0e29acf7591</msg>
<arg>${TRADE_ID}</arg>
<arg>${id}</arg>
<doc>Makes a variable available everywhere within the scope of the current test.</doc>
<status status="PASS" start="2025-11-11T20:38:31.181121" elapsed="0.000000"/>
</kw>
<status status="PASS" start="2025-11-11T20:38:31.181121" elapsed="0.000000"/>
</branch>
<branch type="EXCEPT">
<pattern>*Invalid ISIN*</pattern>
<kw name="Set Test Variable" owner="BuiltIn">
<arg>${TRADE_ID}</arg>
<arg>INVALID</arg>
<doc>Makes a variable available everywhere within the scope of the current test.</doc>
<status status="NOT RUN" start="2025-11-11T20:38:31.181121" elapsed="0.000000"/>
</kw>
<status status="NOT RUN" start="2025-11-11T20:38:31.181121" elapsed="0.000000"/>
</branch>
<status status="PASS" start="2025-11-11T20:38:31.181121" elapsed="0.000000"/>
</try>
<status status="PASS" start="2025-11-11T20:38:31.181121" elapsed="0.000000"/>
</kw>
<kw name="Then trade history contains &quot;PENDING_CONFIRMATION&quot;" owner="trading_bdd" source_name="trade history contains &quot;${csv}&quot;">
<if>
<branch type="IF" condition="&quot;${TRADE_ID}&quot; == &quot;INVALID&quot;">
<kw name="Log" owner="BuiltIn">
<arg>Trade was rejected due to invalid ISIN</arg>
<doc>Logs the given message with the given level.</doc>
<status status="NOT RUN" start="2025-11-11T20:38:31.189161" elapsed="0.000000"/>
</kw>
<return>
<status status="NOT RUN" start="2025-11-11T20:38:31.189161" elapsed="0.000000"/>
</return>
<status status="NOT RUN" start="2025-11-11T20:38:31.189161" elapsed="0.000000"/>
</branch>
<status status="PASS" start="2025-11-11T20:38:31.189161" elapsed="0.000000"/>
</if>
<kw name="Assert Trade State History" owner="Trading">
<msg time="2025-11-11T20:38:31.189161" level="INFO">${ok} = True</msg>
<var>${ok}</var>
<arg>${TRADE_ID}</arg>
<arg>CREATED</arg>
<status status="PASS" start="2025-11-11T20:38:31.189161" elapsed="0.000000"/>
</kw>
<kw name="Should Be True" owner="BuiltIn">
<arg>${ok}</arg>
<doc>Fails if the given condition is not true.</doc>
<status status="PASS" start="2025-11-11T20:38:31.189161" elapsed="0.000000"/>
</kw>
<kw name="Log" owner="BuiltIn">
<msg time="2025-11-11T20:38:31.189161" level="INFO">Trade 3dc420dd-8161-4b3d-9094-f0e29acf7591 contains state: CREATED</msg>
<arg>Trade ${TRADE_ID} contains state: CREATED</arg>
<doc>Logs the given message with the given level.</doc>
<status status="PASS" start="2025-11-11T20:38:31.189161" elapsed="0.000000"/>
</kw>
<status status="PASS" start="2025-11-11T20:38:31.189161" elapsed="0.000000"/>
</kw>
<tag>rapid_market</tag>
<status status="PASS" start="2025-11-11T20:38:31.174277" elapsed="0.014884"/>
</test>
<test id="s1-s5-t11" name="10) Risk breach attempt" line="68">
<kw name="Given trader &quot;T1&quot; has exposure for notional &quot;50000000.0&quot;" owner="trading_bdd" source_name="trader &quot;${trader}&quot; has exposure for notional &quot;${notional}&quot;">
<kw name="Evaluate" owner="BuiltIn">
<msg time="2025-11-11T20:38:31.197428" level="INFO">${notional_float} = 50000000.0</msg>
<var>${notional_float}</var>
<arg>float("${notional}".replace(",",""))</arg>
<doc>Evaluates the given expression in Python and returns the result.</doc>
<status status="PASS" start="2025-11-11T20:38:31.197428" elapsed="0.000000"/>
</kw>
<kw name="Evaluate" owner="BuiltIn">
<msg time="2025-11-11T20:38:31.197428" level="INFO">${adjusted} = 20000000</msg>
<var>${adjusted}</var>
<arg>min(${notional_float}, 20000000 if "${trader}" == "T1" else 40000000)</arg>
<doc>Evaluates the given expression in Python and returns the result.</doc>
<status status="PASS" start="2025-11-11T20:38:31.197428" elapsed="0.000000"/>
</kw>
<kw name="Validate Trader Exposure" owner="Trading">
<msg time="2025-11-11T20:38:31.197428" level="INFO">${ok} = True</msg>
<var>${ok}</var>
<arg>${trader}</arg>
<arg>${adjusted}</arg>
<status status="PASS" start="2025-11-11T20:38:31.197428" elapsed="0.000000"/>
</kw>
<kw name="Should Be True" owner="BuiltIn">
<arg>${ok}</arg>
<arg>Exposure/credit breached for ${trader}</arg>
<doc>Fails if the given condition is not true.</doc>
<status status="PASS" start="2025-11-11T20:38:31.197428" elapsed="0.000000"/>
</kw>
<status status="PASS" start="2025-11-11T20:38:31.197428" elapsed="0.000000"/>
</kw>
<tag>risk_breach</tag>
<status status="PASS" start="2025-11-11T20:38:31.197428" elapsed="0.000000"/>
</test>
<status status="PASS" start="2025-11-11T20:38:30.826853" elapsed="0.370575"/>
</suite>
<status status="PASS" start="2025-11-11T20:38:28.414394" elapsed="2.791337"/>
</suite>
<statistics>
<total>
<stat pass="50" fail="0" skip="0">All Tests</stat>
</total>
<tag>
<stat pass="5" fail="0" skip="0">advanced</stat>
<stat pass="1" fail="0" skip="0">bulk</stat>
<stat pass="3" fail="0" skip="0">cancel_before_confirm</stat>
<stat pass="6" fail="0" skip="0">concurrency</stat>
<stat pass="11" fail="0" skip="0">core</stat>
<stat pass="1" fail="0" skip="0">csv</stat>
<stat pass="6" fail="0" skip="0">data_driven</stat>
<stat pass="3" fail="0" skip="0">double_exec</stat>
<stat pass="1" fail="0" skip="0">edge_case</stat>
<stat pass="1" fail="0" skip="0">execution</stat>
<stat pass="2" fail="0" skip="0">fix</stat>
<stat pass="1" fail="0" skip="0">high_volume</stat>
<stat pass="3" fail="0" skip="0">invalid_isin</stat>
<stat pass="1" fail="0" skip="0">latency</stat>
<stat pass="9" fail="0" skip="0">metrics</stat>
<stat pass="4" fail="0" skip="0">partial_fill</stat>
<stat pass="2" fail="0" skip="0">performance</stat>
<stat pass="3" fail="0" skip="0">price_deviation</stat>
<stat pass="2" fail="0" skip="0">protocol</stat>
<stat pass="3" fail="0" skip="0">rapid_market</stat>
<stat pass="1" fail="0" skip="0">reporting</stat>
<stat pass="1" fail="0" skip="0">resilience</stat>
<stat pass="1" fail="0" skip="0">retry</stat>
<stat pass="3" fail="0" skip="0">risk_breach</stat>
<stat pass="1" fail="0" skip="0">summary</stat>
<stat pass="3" fail="0" skip="0">system_failure</stat>
<stat pass="1" fail="0" skip="0">uk_gilts</stat>
<stat pass="2" fail="0" skip="0">us_bonds</stat>
<stat pass="3" fail="0" skip="0">valid</stat>
</tag>
<suite>
<stat name="Tests-Robot" id="s1" pass="50" fail="0" skip="0">Tests-Robot</stat>
<stat name="All Features" id="s1-s1" pass="21" fail="0" skip="0">Tests-Robot.All Features</stat>
<stat name="Bond Trading Tests" id="s1-s2" pass="11" fail="0" skip="0">Tests-Robot.Bond Trading Tests</stat>
<stat name="Csv Driven Tests" id="s1-s3" pass="1" fail="0" skip="0">Tests-Robot.Csv Driven Tests</stat>
<stat name="Metrics Tests" id="s1-s4" pass="6" fail="0" skip="0">Tests-Robot.Metrics Tests</stat>
<stat name="Run Feature Tests" id="s1-s5" pass="11" fail="0" skip="0">Tests-Robot.Run Feature Tests</stat>
</suite>
</statistics>
<errors>
</errors>
</robot>
